<?xml version="1.0" encoding="UTF-8"?>
<coverage generated="1766442572006" clover="3.2.0">
  <project timestamp="1766442572006" name="All files">
    <metrics statements="17" coveredstatements="17" conditionals="12" coveredconditionals="10" methods="4" coveredmethods="4" elements="33" coveredelements="31" complexity="0" loc="17" ncloc="17" packages="1" files="2" classes="2"/>
    <file name="AssistantSummary.tsx" path="/Users/max/Rust/Battlesim2/src/components/simulation/AssistantSummary.tsx">
      <metrics statements="17" coveredstatements="17" conditionals="12" coveredconditionals="10" methods="4" coveredmethods="4"/>
      <line num="10" count="1" type="stmt"/>
      <line num="11" count="11" type="stmt"/>
      <line num="12" count="4" type="stmt"/>
      <line num="13" count="8" type="cond" truecount="1" falsecount="1"/>
      <line num="14" count="8" type="stmt"/>
      <line num="17" count="4" type="stmt"/>
      <line num="18" count="4" type="stmt"/>
      <line num="20" count="4" type="stmt"/>
      <line num="21" count="4" type="cond" truecount="2" falsecount="0"/>
      <line num="22" count="1" type="stmt"/>
      <line num="28" count="3" type="cond" truecount="2" falsecount="0"/>
      <line num="29" count="1" type="stmt"/>
      <line num="35" count="2" type="cond" truecount="4" falsecount="0"/>
      <line num="36" count="1" type="stmt"/>
      <line num="42" count="1" type="stmt"/>
      <line num="48" count="4" type="stmt"/>
      <line num="50" count="4" type="stmt"/>
    </file>
    <file name="assistantSummary.module.scss" path="/Users/max/Rust/Battlesim2/src/components/simulation/assistantSummary.module.scss">
      <metrics statements="0" coveredstatements="0" conditionals="0" coveredconditionals="0" methods="0" coveredmethods="0"/>
    </file>
  </project>
</coverage>
