{"/Users/max/Rust/Battlesim2/src/components/simulation/DescentGraph.tsx": {"path":"/Users/max/Rust/Battlesim2/src/components/simulation/DescentGraph.tsx","statementMap":{"0":{"start":{"line":9,"column":50},"end":{"line":80,"column":null}},"1":{"start":{"line":10,"column":18},"end":{"line":10,"column":null}},"2":{"start":{"line":11,"column":19},"end":{"line":11,"column":null}},"3":{"start":{"line":12,"column":20},"end":{"line":12,"column":null}},"4":{"start":{"line":14,"column":18},"end":{"line":14,"column":null}},"5":{"start":{"line":15,"column":19},"end":{"line":15,"column":null}},"6":{"start":{"line":15,"column":37},"end":{"line":15,"column":null}},"7":{"start":{"line":16,"column":19},"end":{"line":16,"column":null}},"8":{"start":{"line":16,"column":40},"end":{"line":16,"column":null}},"9":{"start":{"line":19,"column":27},"end":{"line":19,"column":null}},"10":{"start":{"line":21,"column":24},"end":{"line":21,"column":null}},"11":{"start":{"line":22,"column":24},"end":{"line":22,"column":null}},"12":{"start":{"line":24,"column":24},"end":{"line":29,"column":null}},"13":{"start":{"line":25,"column":8},"end":{"line":25,"column":null}},"14":{"start":{"line":25,"column":35},"end":{"line":25,"column":null}},"15":{"start":{"line":26,"column":8},"end":{"line":28,"column":null}},"16":{"start":{"line":27,"column":33},"end":{"line":27,"column":89}},"17":{"start":{"line":31,"column":24},"end":{"line":39,"column":null}},"18":{"start":{"line":32,"column":8},"end":{"line":32,"column":null}},"19":{"start":{"line":32,"column":69},"end":{"line":32,"column":null}},"20":{"start":{"line":33,"column":24},"end":{"line":33,"column":null}},"21":{"start":{"line":33,"column":56},"end":{"line":33,"column":91}},"22":{"start":{"line":34,"column":27},"end":{"line":36,"column":null}},"23":{"start":{"line":36,"column":33},"end":{"line":36,"column":96}},"24":{"start":{"line":38,"column":8},"end":{"line":38,"column":null}},"25":{"start":{"line":41,"column":4},"end":{"line":78,"column":null}},"26":{"start":{"line":47,"column":20},"end":{"line":53,"column":null}},"27":{"start":{"line":67,"column":20},"end":{"line":75,"column":null}}},"fnMap":{"0":{"name":"(anonymous_0)","decl":{"start":{"line":9,"column":50},"end":{"line":9,"column":51}},"loc":{"start":{"line":9,"column":89},"end":{"line":80,"column":null}},"line":9},"1":{"name":"(anonymous_1)","decl":{"start":{"line":15,"column":19},"end":{"line":15,"column":20}},"loc":{"start":{"line":15,"column":37},"end":{"line":15,"column":null}},"line":15},"2":{"name":"(anonymous_2)","decl":{"start":{"line":16,"column":19},"end":{"line":16,"column":20}},"loc":{"start":{"line":16,"column":40},"end":{"line":16,"column":null}},"line":16},"3":{"name":"(anonymous_3)","decl":{"start":{"line":24,"column":24},"end":{"line":24,"column":25}},"loc":{"start":{"line":24,"column":48},"end":{"line":29,"column":null}},"line":24},"4":{"name":"(anonymous_4)","decl":{"start":{"line":27,"column":17},"end":{"line":27,"column":18}},"loc":{"start":{"line":27,"column":33},"end":{"line":27,"column":89}},"line":27},"5":{"name":"(anonymous_5)","decl":{"start":{"line":31,"column":24},"end":{"line":31,"column":25}},"loc":{"start":{"line":31,"column":77},"end":{"line":39,"column":null}},"line":31},"6":{"name":"(anonymous_6)","decl":{"start":{"line":33,"column":40},"end":{"line":33,"column":41}},"loc":{"start":{"line":33,"column":56},"end":{"line":33,"column":91}},"line":33},"7":{"name":"(anonymous_7)","decl":{"start":{"line":36,"column":17},"end":{"line":36,"column":18}},"loc":{"start":{"line":36,"column":33},"end":{"line":36,"column":96}},"line":36},"8":{"name":"(anonymous_8)","decl":{"start":{"line":46,"column":42},"end":{"line":46,"column":null}},"loc":{"start":{"line":47,"column":20},"end":{"line":53,"column":null}},"line":47},"9":{"name":"(anonymous_9)","decl":{"start":{"line":66,"column":34},"end":{"line":66,"column":35}},"loc":{"start":{"line":67,"column":20},"end":{"line":75,"column":null}},"line":67}},"branchMap":{"0":{"loc":{"start":{"line":19,"column":27},"end":{"line":19,"column":null}},"type":"binary-expr","locations":[{"start":{"line":19,"column":27},"end":{"line":19,"column":49}},{"start":{"line":19,"column":49},"end":{"line":19,"column":null}}],"line":19},"1":{"loc":{"start":{"line":21,"column":24},"end":{"line":21,"column":null}},"type":"binary-expr","locations":[{"start":{"line":21,"column":24},"end":{"line":21,"column":46}},{"start":{"line":21,"column":46},"end":{"line":21,"column":null}}],"line":21},"2":{"loc":{"start":{"line":22,"column":24},"end":{"line":22,"column":null}},"type":"binary-expr","locations":[{"start":{"line":22,"column":24},"end":{"line":22,"column":46}},{"start":{"line":22,"column":46},"end":{"line":22,"column":null}}],"line":22},"3":{"loc":{"start":{"line":25,"column":8},"end":{"line":25,"column":null}},"type":"if","locations":[{"start":{"line":25,"column":8},"end":{"line":25,"column":null}},{"start":{},"end":{}}],"line":25},"4":{"loc":{"start":{"line":27,"column":36},"end":{"line":27,"column":55}},"type":"cond-expr","locations":[{"start":{"line":27,"column":46},"end":{"line":27,"column":52}},{"start":{"line":27,"column":52},"end":{"line":27,"column":55}}],"line":27},"5":{"loc":{"start":{"line":32,"column":8},"end":{"line":32,"column":null}},"type":"if","locations":[{"start":{"line":32,"column":8},"end":{"line":32,"column":null}},{"start":{},"end":{}}],"line":32},"6":{"loc":{"start":{"line":32,"column":12},"end":{"line":32,"column":69}},"type":"binary-expr","locations":[{"start":{"line":32,"column":12},"end":{"line":32,"column":40}},{"start":{"line":32,"column":40},"end":{"line":32,"column":69}}],"line":32},"7":{"loc":{"start":{"line":74,"column":25},"end":{"line":74,"column":null}},"type":"cond-expr","locations":[{"start":{"line":74,"column":35},"end":{"line":74,"column":45}},{"start":{"line":74,"column":45},"end":{"line":74,"column":null}}],"line":74}},"s":{"0":1,"1":4,"2":4,"3":4,"4":4,"5":4,"6":48,"7":4,"8":99,"9":4,"10":4,"11":4,"12":4,"13":8,"14":2,"15":6,"16":18,"17":4,"18":4,"19":1,"20":3,"21":9,"22":3,"23":9,"24":3,"25":4,"26":20,"27":9},"f":{"0":4,"1":48,"2":99,"3":8,"4":18,"5":4,"6":9,"7":9,"8":20,"9":9},"b":{"0":[4,1],"1":[4,1],"2":[4,1],"3":[2,6],"4":[6,12],"5":[1,3],"6":[4,3],"7":[3,6]},"meta":{"lastBranch":8,"lastFunction":10,"lastStatement":28,"seen":{"s:9:50:80:Infinity":0,"f:9:50:9:51":0,"s:10:18:10:Infinity":1,"s:11:19:11:Infinity":2,"s:12:20:12:Infinity":3,"s:14:18:14:Infinity":4,"s:15:19:15:Infinity":5,"f:15:19:15:20":1,"s:15:37:15:Infinity":6,"s:16:19:16:Infinity":7,"f:16:19:16:20":2,"s:16:40:16:Infinity":8,"s:19:27:19:Infinity":9,"b:19:27:19:49:19:49:19:Infinity":0,"s:21:24:21:Infinity":10,"b:21:24:21:46:21:46:21:Infinity":1,"s:22:24:22:Infinity":11,"b:22:24:22:46:22:46:22:Infinity":2,"s:24:24:29:Infinity":12,"f:24:24:24:25":3,"b:25:8:25:Infinity:undefined:undefined:undefined:undefined":3,"s:25:8:25:Infinity":13,"s:25:35:25:Infinity":14,"s:26:8:28:Infinity":15,"f:27:17:27:18":4,"s:27:33:27:89":16,"b:27:46:27:52:27:52:27:55":4,"s:31:24:39:Infinity":17,"f:31:24:31:25":5,"b:32:8:32:Infinity:undefined:undefined:undefined:undefined":5,"s:32:8:32:Infinity":18,"b:32:12:32:40:32:40:32:69":6,"s:32:69:32:Infinity":19,"s:33:24:33:Infinity":20,"f:33:40:33:41":6,"s:33:56:33:91":21,"s:34:27:36:Infinity":22,"f:36:17:36:18":7,"s:36:33:36:96":23,"s:38:8:38:Infinity":24,"s:41:4:78:Infinity":25,"f:46:42:46:Infinity":8,"s:47:20:53:Infinity":26,"f:66:34:66:35":9,"s:67:20:75:Infinity":27,"b:74:35:74:45:74:45:74:Infinity":7}}}
,"/Users/max/Rust/Battlesim2/src/components/simulation/descentGraph.module.scss": {"path":"/Users/max/Rust/Battlesim2/src/components/simulation/descentGraph.module.scss","statementMap":{},"fnMap":{},"branchMap":{},"s":{},"f":{},"b":{},"meta":{"lastBranch":0,"lastFunction":0,"lastStatement":0,"seen":{}}}
}
