{"/Users/max/Rust/Battlesim2/src/__mocks__/wasmMock.js": {"path":"/Users/max/Rust/Battlesim2/src/__mocks__/wasmMock.js","statementMap":{},"fnMap":{},"branchMap":{},"s":{},"f":{},"b":{},"meta":{"lastBranch":0,"lastFunction":0,"lastStatement":0,"seen":{}}}
,"/Users/max/Rust/Battlesim2/src/components/combat/EventLog.module.scss": {"path":"/Users/max/Rust/Battlesim2/src/components/combat/EventLog.module.scss","statementMap":{},"fnMap":{},"branchMap":{},"s":{},"f":{},"b":{},"meta":{"lastBranch":0,"lastFunction":0,"lastStatement":0,"seen":{}}}
,"/Users/max/Rust/Battlesim2/src/components/combat/EventLog.tsx": {"path":"/Users/max/Rust/Battlesim2/src/components/combat/EventLog.tsx","statementMap":{"0":{"start":{"line":33,"column":28},"end":{"line":229,"column":null}},"1":{"start":{"line":34,"column":28},"end":{"line":34,"column":null}},"2":{"start":{"line":35,"column":48},"end":{"line":35,"column":null}},"3":{"start":{"line":36,"column":44},"end":{"line":36,"column":null}},"4":{"start":{"line":38,"column":24},"end":{"line":46,"column":null}},"5":{"start":{"line":39,"column":28},"end":{"line":39,"column":null}},"6":{"start":{"line":40,"column":8},"end":{"line":44,"column":null}},"7":{"start":{"line":41,"column":12},"end":{"line":41,"column":null}},"8":{"start":{"line":43,"column":12},"end":{"line":43,"column":null}},"9":{"start":{"line":45,"column":8},"end":{"line":45,"column":null}},"10":{"start":{"line":48,"column":26},"end":{"line":48,"column":null}},"11":{"start":{"line":48,"column":42},"end":{"line":48,"column":null}},"12":{"start":{"line":50,"column":10},"end":{"line":67,"column":null}},"13":{"start":{"line":51,"column":8},"end":{"line":51,"column":null}},"14":{"start":{"line":51,"column":30},"end":{"line":51,"column":null}},"15":{"start":{"line":53,"column":8},"end":{"line":66,"column":null}},"16":{"start":{"line":54,"column":12},"end":{"line":65,"column":null}},"17":{"start":{"line":56,"column":20},"end":{"line":56,"column":null}},"18":{"start":{"line":58,"column":20},"end":{"line":58,"column":null}},"19":{"start":{"line":60,"column":20},"end":{"line":60,"column":null}},"20":{"start":{"line":62,"column":20},"end":{"line":62,"column":null}},"21":{"start":{"line":64,"column":20},"end":{"line":64,"column":null}},"22":{"start":{"line":69,"column":24},"end":{"line":161,"column":null}},"23":{"start":{"line":70,"column":27},"end":{"line":70,"column":null}},"24":{"start":{"line":71,"column":27},"end":{"line":71,"column":null}},"25":{"start":{"line":73,"column":19},"end":{"line":73,"column":null}},"26":{"start":{"line":74,"column":25},"end":{"line":74,"column":null}},"27":{"start":{"line":76,"column":8},"end":{"line":131,"column":null}},"28":{"start":{"line":78,"column":16},"end":{"line":78,"column":null}},"29":{"start":{"line":79,"column":16},"end":{"line":79,"column":null}},"30":{"start":{"line":80,"column":16},"end":{"line":80,"column":null}},"31":{"start":{"line":82,"column":16},"end":{"line":82,"column":null}},"32":{"start":{"line":83,"column":16},"end":{"line":83,"column":null}},"33":{"start":{"line":84,"column":16},"end":{"line":84,"column":null}},"34":{"start":{"line":86,"column":16},"end":{"line":86,"column":null}},"35":{"start":{"line":87,"column":16},"end":{"line":87,"column":null}},"36":{"start":{"line":88,"column":16},"end":{"line":88,"column":null}},"37":{"start":{"line":90,"column":16},"end":{"line":90,"column":null}},"38":{"start":{"line":91,"column":16},"end":{"line":91,"column":null}},"39":{"start":{"line":92,"column":16},"end":{"line":92,"column":null}},"40":{"start":{"line":94,"column":16},"end":{"line":94,"column":null}},"41":{"start":{"line":95,"column":16},"end":{"line":95,"column":null}},"42":{"start":{"line":96,"column":16},"end":{"line":96,"column":null}},"43":{"start":{"line":98,"column":16},"end":{"line":98,"column":null}},"44":{"start":{"line":99,"column":16},"end":{"line":99,"column":null}},"45":{"start":{"line":100,"column":16},"end":{"line":100,"column":null}},"46":{"start":{"line":102,"column":16},"end":{"line":102,"column":null}},"47":{"start":{"line":103,"column":16},"end":{"line":103,"column":null}},"48":{"start":{"line":104,"column":16},"end":{"line":104,"column":null}},"49":{"start":{"line":106,"column":16},"end":{"line":106,"column":null}},"50":{"start":{"line":107,"column":16},"end":{"line":107,"column":null}},"51":{"start":{"line":109,"column":16},"end":{"line":109,"column":null}},"52":{"start":{"line":110,"column":16},"end":{"line":110,"column":null}},"53":{"start":{"line":111,"column":16},"end":{"line":111,"column":null}},"54":{"start":{"line":113,"column":16},"end":{"line":113,"column":null}},"55":{"start":{"line":114,"column":16},"end":{"line":114,"column":null}},"56":{"start":{"line":115,"column":16},"end":{"line":115,"column":null}},"57":{"start":{"line":117,"column":16},"end":{"line":117,"column":null}},"58":{"start":{"line":118,"column":16},"end":{"line":118,"column":null}},"59":{"start":{"line":119,"column":16},"end":{"line":119,"column":null}},"60":{"start":{"line":121,"column":16},"end":{"line":121,"column":null}},"61":{"start":{"line":122,"column":16},"end":{"line":122,"column":null}},"62":{"start":{"line":123,"column":16},"end":{"line":123,"column":null}},"63":{"start":{"line":125,"column":16},"end":{"line":125,"column":null}},"64":{"start":{"line":126,"column":16},"end":{"line":126,"column":null}},"65":{"start":{"line":127,"column":16},"end":{"line":127,"column":null}},"66":{"start":{"line":130,"column":16},"end":{"line":130,"column":null}},"67":{"start":{"line":133,"column":24},"end":{"line":133,"column":null}},"68":{"start":{"line":134,"column":24},"end":{"line":134,"column":null}},"69":{"start":{"line":136,"column":8},"end":{"line":159,"column":null}},"70":{"start":{"line":140,"column":44},"end":{"line":140,"column":65}},"71":{"start":{"line":163,"column":4},"end":{"line":187,"column":null}},"72":{"start":{"line":164,"column":8},"end":{"line":185,"column":null}},"73":{"start":{"line":170,"column":43},"end":{"line":170,"column":null}},"74":{"start":{"line":189,"column":4},"end":{"line":227,"column":null}},"75":{"start":{"line":196,"column":101},"end":{"line":196,"column":119}},"76":{"start":{"line":197,"column":104},"end":{"line":197,"column":125}},"77":{"start":{"line":198,"column":103},"end":{"line":198,"column":123}},"78":{"start":{"line":199,"column":104},"end":{"line":199,"column":125}},"79":{"start":{"line":203,"column":47},"end":{"line":203,"column":null}},"80":{"start":{"line":224,"column":49},"end":{"line":224,"column":66}}},"fnMap":{"0":{"name":"(anonymous_0)","decl":{"start":{"line":33,"column":28},"end":{"line":33,"column":29}},"loc":{"start":{"line":33,"column":95},"end":{"line":229,"column":null}},"line":33},"1":{"name":"(anonymous_1)","decl":{"start":{"line":38,"column":24},"end":{"line":38,"column":25}},"loc":{"start":{"line":38,"column":43},"end":{"line":46,"column":null}},"line":38},"2":{"name":"(anonymous_2)","decl":{"start":{"line":48,"column":26},"end":{"line":48,"column":27}},"loc":{"start":{"line":48,"column":42},"end":{"line":48,"column":null}},"line":48},"3":{"name":"(anonymous_3)","decl":{"start":{"line":50,"column":35},"end":{"line":50,"column":41}},"loc":{"start":{"line":50,"column":41},"end":{"line":67,"column":7}},"line":50},"4":{"name":"(anonymous_4)","decl":{"start":{"line":53,"column":29},"end":{"line":53,"column":34}},"loc":{"start":{"line":53,"column":34},"end":{"line":66,"column":9}},"line":53},"5":{"name":"(anonymous_5)","decl":{"start":{"line":69,"column":24},"end":{"line":69,"column":25}},"loc":{"start":{"line":69,"column":57},"end":{"line":161,"column":null}},"line":69},"6":{"name":"(anonymous_6)","decl":{"start":{"line":140,"column":38},"end":{"line":140,"column":44}},"loc":{"start":{"line":140,"column":44},"end":{"line":140,"column":65}},"line":140},"7":{"name":"(anonymous_7)","decl":{"start":{"line":170,"column":37},"end":{"line":170,"column":43}},"loc":{"start":{"line":170,"column":43},"end":{"line":170,"column":null}},"line":170},"8":{"name":"(anonymous_8)","decl":{"start":{"line":196,"column":95},"end":{"line":196,"column":101}},"loc":{"start":{"line":196,"column":101},"end":{"line":196,"column":119}},"line":196},"9":{"name":"(anonymous_9)","decl":{"start":{"line":197,"column":98},"end":{"line":197,"column":104}},"loc":{"start":{"line":197,"column":104},"end":{"line":197,"column":125}},"line":197},"10":{"name":"(anonymous_10)","decl":{"start":{"line":198,"column":97},"end":{"line":198,"column":103}},"loc":{"start":{"line":198,"column":103},"end":{"line":198,"column":123}},"line":198},"11":{"name":"(anonymous_11)","decl":{"start":{"line":199,"column":98},"end":{"line":199,"column":104}},"loc":{"start":{"line":199,"column":104},"end":{"line":199,"column":125}},"line":199},"12":{"name":"(anonymous_12)","decl":{"start":{"line":203,"column":41},"end":{"line":203,"column":47}},"loc":{"start":{"line":203,"column":47},"end":{"line":203,"column":null}},"line":203},"13":{"name":"(anonymous_13)","decl":{"start":{"line":224,"column":39},"end":{"line":224,"column":40}},"loc":{"start":{"line":224,"column":49},"end":{"line":224,"column":66}},"line":224}},"branchMap":{"0":{"loc":{"start":{"line":33,"column":55},"end":{"line":33,"column":73}},"type":"default-arg","locations":[{"start":{"line":33,"column":69},"end":{"line":33,"column":73}}],"line":33},"1":{"loc":{"start":{"line":33,"column":73},"end":{"line":33,"column":89}},"type":"default-arg","locations":[{"start":{"line":33,"column":83},"end":{"line":33,"column":89}}],"line":33},"2":{"loc":{"start":{"line":40,"column":8},"end":{"line":44,"column":null}},"type":"if","locations":[{"start":{"line":40,"column":8},"end":{"line":44,"column":null}},{"start":{"line":42,"column":15},"end":{"line":44,"column":null}}],"line":40},"3":{"loc":{"start":{"line":48,"column":42},"end":{"line":48,"column":null}},"type":"binary-expr","locations":[{"start":{"line":48,"column":42},"end":{"line":48,"column":61}},{"start":{"line":48,"column":61},"end":{"line":48,"column":null}}],"line":48},"4":{"loc":{"start":{"line":51,"column":8},"end":{"line":51,"column":null}},"type":"if","locations":[{"start":{"line":51,"column":8},"end":{"line":51,"column":null}},{"start":{},"end":{}}],"line":51},"5":{"loc":{"start":{"line":54,"column":12},"end":{"line":65,"column":null}},"type":"switch","locations":[{"start":{"line":55,"column":16},"end":{"line":56,"column":null}},{"start":{"line":57,"column":16},"end":{"line":58,"column":null}},{"start":{"line":59,"column":16},"end":{"line":60,"column":null}},{"start":{"line":61,"column":16},"end":{"line":62,"column":null}},{"start":{"line":63,"column":16},"end":{"line":64,"column":null}}],"line":54},"6":{"loc":{"start":{"line":76,"column":8},"end":{"line":131,"column":null}},"type":"switch","locations":[{"start":{"line":77,"column":12},"end":{"line":80,"column":null}},{"start":{"line":81,"column":12},"end":{"line":84,"column":null}},{"start":{"line":85,"column":12},"end":{"line":88,"column":null}},{"start":{"line":89,"column":12},"end":{"line":92,"column":null}},{"start":{"line":93,"column":12},"end":{"line":96,"column":null}},{"start":{"line":97,"column":12},"end":{"line":100,"column":null}},{"start":{"line":101,"column":12},"end":{"line":104,"column":null}},{"start":{"line":105,"column":12},"end":{"line":107,"column":null}},{"start":{"line":108,"column":12},"end":{"line":111,"column":null}},{"start":{"line":112,"column":12},"end":{"line":115,"column":null}},{"start":{"line":116,"column":12},"end":{"line":119,"column":null}},{"start":{"line":120,"column":12},"end":{"line":123,"column":null}},{"start":{"line":124,"column":12},"end":{"line":127,"column":null}},{"start":{"line":128,"column":12},"end":{"line":128,"column":null}},{"start":{"line":129,"column":12},"end":{"line":130,"column":null}}],"line":76},"7":{"loc":{"start":{"line":134,"column":24},"end":{"line":134,"column":null}},"type":"cond-expr","locations":[{"start":{"line":134,"column":37},"end":{"line":134,"column":85}},{"start":{"line":134,"column":85},"end":{"line":134,"column":null}}],"line":134},"8":{"loc":{"start":{"line":139,"column":60},"end":{"line":139,"column":94}},"type":"cond-expr","locations":[{"start":{"line":139,"column":73},"end":{"line":139,"column":92}},{"start":{"line":139,"column":92},"end":{"line":139,"column":94}}],"line":139},"9":{"loc":{"start":{"line":140,"column":25},"end":{"line":140,"column":null}},"type":"cond-expr","locations":[{"start":{"line":140,"column":38},"end":{"line":140,"column":65}},{"start":{"line":140,"column":65},"end":{"line":140,"column":null}}],"line":140},"10":{"loc":{"start":{"line":144,"column":64},"end":{"line":144,"column":164}},"type":"cond-expr","locations":[{"start":{"line":144,"column":93},"end":{"line":144,"column":110}},{"start":{"line":144,"column":110},"end":{"line":144,"column":164}}],"line":144},"11":{"loc":{"start":{"line":144,"column":110},"end":{"line":144,"column":164}},"type":"cond-expr","locations":[{"start":{"line":144,"column":142},"end":{"line":144,"column":160}},{"start":{"line":144,"column":160},"end":{"line":144,"column":164}}],"line":144},"12":{"loc":{"start":{"line":146,"column":25},"end":{"line":150,"column":null}},"type":"binary-expr","locations":[{"start":{"line":146,"column":25},"end":{"line":146,"column":null}},{"start":{"line":147,"column":28},"end":{"line":150,"column":null}}],"line":146},"13":{"loc":{"start":{"line":148,"column":38},"end":{"line":148,"column":null}},"type":"cond-expr","locations":[{"start":{"line":148,"column":51},"end":{"line":148,"column":67}},{"start":{"line":148,"column":67},"end":{"line":148,"column":null}}],"line":148},"14":{"loc":{"start":{"line":153,"column":21},"end":{"line":156,"column":null}},"type":"binary-expr","locations":[{"start":{"line":153,"column":21},"end":{"line":153,"column":35}},{"start":{"line":153,"column":35},"end":{"line":153,"column":null}},{"start":{"line":154,"column":24},"end":{"line":156,"column":null}}],"line":153},"15":{"loc":{"start":{"line":163,"column":4},"end":{"line":187,"column":null}},"type":"if","locations":[{"start":{"line":163,"column":4},"end":{"line":187,"column":null}},{"start":{},"end":{}}],"line":163},"16":{"loc":{"start":{"line":163,"column":8},"end":{"line":163,"column":39}},"type":"binary-expr","locations":[{"start":{"line":163,"column":8},"end":{"line":163,"column":29}},{"start":{"line":163,"column":29},"end":{"line":163,"column":39}}],"line":163},"17":{"loc":{"start":{"line":190,"column":55},"end":{"line":190,"column":86}},"type":"cond-expr","locations":[{"start":{"line":190,"column":65},"end":{"line":190,"column":84}},{"start":{"line":190,"column":84},"end":{"line":190,"column":86}}],"line":190},"18":{"loc":{"start":{"line":191,"column":13},"end":{"line":213,"column":null}},"type":"binary-expr","locations":[{"start":{"line":191,"column":13},"end":{"line":191,"column":null}},{"start":{"line":192,"column":16},"end":{"line":213,"column":null}}],"line":191},"19":{"loc":{"start":{"line":196,"column":47},"end":{"line":196,"column":86}},"type":"cond-expr","locations":[{"start":{"line":196,"column":66},"end":{"line":196,"column":82}},{"start":{"line":196,"column":82},"end":{"line":196,"column":86}}],"line":196},"20":{"loc":{"start":{"line":197,"column":47},"end":{"line":197,"column":89}},"type":"cond-expr","locations":[{"start":{"line":197,"column":69},"end":{"line":197,"column":85}},{"start":{"line":197,"column":85},"end":{"line":197,"column":89}}],"line":197},"21":{"loc":{"start":{"line":198,"column":47},"end":{"line":198,"column":88}},"type":"cond-expr","locations":[{"start":{"line":198,"column":68},"end":{"line":198,"column":84}},{"start":{"line":198,"column":84},"end":{"line":198,"column":88}}],"line":198},"22":{"loc":{"start":{"line":199,"column":47},"end":{"line":199,"column":89}},"type":"cond-expr","locations":[{"start":{"line":199,"column":69},"end":{"line":199,"column":85}},{"start":{"line":199,"column":85},"end":{"line":199,"column":89}}],"line":199},"23":{"loc":{"start":{"line":216,"column":17},"end":{"line":224,"column":null}},"type":"cond-expr","locations":[{"start":{"line":217,"column":20},"end":{"line":222,"column":null}},{"start":{"line":224,"column":20},"end":{"line":224,"column":null}}],"line":216},"24":{"loc":{"start":{"line":219,"column":25},"end":{"line":220,"column":null}},"type":"binary-expr","locations":[{"start":{"line":219,"column":25},"end":{"line":219,"column":null}},{"start":{"line":220,"column":28},"end":{"line":220,"column":null}}],"line":219}},"s":{"0":1,"1":0,"2":0,"3":0,"4":0,"5":0,"6":0,"7":0,"8":0,"9":0,"10":0,"11":0,"12":0,"13":0,"14":0,"15":0,"16":0,"17":0,"18":0,"19":0,"20":0,"21":0,"22":0,"23":0,"24":0,"25":0,"26":0,"27":0,"28":0,"29":0,"30":0,"31":0,"32":0,"33":0,"34":0,"35":0,"36":0,"37":0,"38":0,"39":0,"40":0,"41":0,"42":0,"43":0,"44":0,"45":0,"46":0,"47":0,"48":0,"49":0,"50":0,"51":0,"52":0,"53":0,"54":0,"55":0,"56":0,"57":0,"58":0,"59":0,"60":0,"61":0,"62":0,"63":0,"64":0,"65":0,"66":0,"67":0,"68":0,"69":0,"70":0,"71":0,"72":0,"73":0,"74":0,"75":0,"76":0,"77":0,"78":0,"79":0,"80":0},"f":{"0":0,"1":0,"2":0,"3":0,"4":0,"5":0,"6":0,"7":0,"8":0,"9":0,"10":0,"11":0,"12":0,"13":0},"b":{"0":[0],"1":[0],"2":[0,0],"3":[0,0],"4":[0,0],"5":[0,0,0,0,0],"6":[0,0,0,0,0,0,0,0,0,0,0,0,0,0,0],"7":[0,0],"8":[0,0],"9":[0,0],"10":[0,0],"11":[0,0],"12":[0,0],"13":[0,0],"14":[0,0,0],"15":[0,0],"16":[0,0],"17":[0,0],"18":[0,0],"19":[0,0],"20":[0,0],"21":[0,0],"22":[0,0],"23":[0,0],"24":[0,0]},"meta":{"lastBranch":25,"lastFunction":14,"lastStatement":81,"seen":{"s:33:28:229:Infinity":0,"f:33:28:33:29":0,"b:33:69:33:73":0,"b:33:83:33:89":1,"s:34:28:34:Infinity":1,"s:35:48:35:Infinity":2,"s:36:44:36:Infinity":3,"s:38:24:46:Infinity":4,"f:38:24:38:25":1,"s:39:28:39:Infinity":5,"b:40:8:44:Infinity:42:15:44:Infinity":2,"s:40:8:44:Infinity":6,"s:41:12:41:Infinity":7,"s:43:12:43:Infinity":8,"s:45:8:45:Infinity":9,"s:48:26:48:Infinity":10,"f:48:26:48:27":2,"s:48:42:48:Infinity":11,"b:48:42:48:61:48:61:48:Infinity":3,"s:50:10:67:Infinity":12,"f:50:35:50:41":3,"b:51:8:51:Infinity:undefined:undefined:undefined:undefined":4,"s:51:8:51:Infinity":13,"s:51:30:51:Infinity":14,"s:53:8:66:Infinity":15,"f:53:29:53:34":4,"b:55:16:56:Infinity:57:16:58:Infinity:59:16:60:Infinity:61:16:62:Infinity:63:16:64:Infinity":5,"s:54:12:65:Infinity":16,"s:56:20:56:Infinity":17,"s:58:20:58:Infinity":18,"s:60:20:60:Infinity":19,"s:62:20:62:Infinity":20,"s:64:20:64:Infinity":21,"s:69:24:161:Infinity":22,"f:69:24:69:25":5,"s:70:27:70:Infinity":23,"s:71:27:71:Infinity":24,"s:73:19:73:Infinity":25,"s:74:25:74:Infinity":26,"b:77:12:80:Infinity:81:12:84:Infinity:85:12:88:Infinity:89:12:92:Infinity:93:12:96:Infinity:97:12:100:Infinity:101:12:104:Infinity:105:12:107:Infinity:108:12:111:Infinity:112:12:115:Infinity:116:12:119:Infinity:120:12:123:Infinity:124:12:127:Infinity:128:12:128:Infinity:129:12:130:Infinity":6,"s:76:8:131:Infinity":27,"s:78:16:78:Infinity":28,"s:79:16:79:Infinity":29,"s:80:16:80:Infinity":30,"s:82:16:82:Infinity":31,"s:83:16:83:Infinity":32,"s:84:16:84:Infinity":33,"s:86:16:86:Infinity":34,"s:87:16:87:Infinity":35,"s:88:16:88:Infinity":36,"s:90:16:90:Infinity":37,"s:91:16:91:Infinity":38,"s:92:16:92:Infinity":39,"s:94:16:94:Infinity":40,"s:95:16:95:Infinity":41,"s:96:16:96:Infinity":42,"s:98:16:98:Infinity":43,"s:99:16:99:Infinity":44,"s:100:16:100:Infinity":45,"s:102:16:102:Infinity":46,"s:103:16:103:Infinity":47,"s:104:16:104:Infinity":48,"s:106:16:106:Infinity":49,"s:107:16:107:Infinity":50,"s:109:16:109:Infinity":51,"s:110:16:110:Infinity":52,"s:111:16:111:Infinity":53,"s:113:16:113:Infinity":54,"s:114:16:114:Infinity":55,"s:115:16:115:Infinity":56,"s:117:16:117:Infinity":57,"s:118:16:118:Infinity":58,"s:119:16:119:Infinity":59,"s:121:16:121:Infinity":60,"s:122:16:122:Infinity":61,"s:123:16:123:Infinity":62,"s:125:16:125:Infinity":63,"s:126:16:126:Infinity":64,"s:127:16:127:Infinity":65,"s:130:16:130:Infinity":66,"s:133:24:133:Infinity":67,"s:134:24:134:Infinity":68,"b:134:37:134:85:134:85:134:Infinity":7,"s:136:8:159:Infinity":69,"b:139:73:139:92:139:92:139:94":8,"b:140:38:140:65:140:65:140:Infinity":9,"f:140:38:140:44":6,"s:140:44:140:65":70,"b:144:93:144:110:144:110:144:164":10,"b:144:142:144:160:144:160:144:164":11,"b:146:25:146:Infinity:147:28:150:Infinity":12,"b:148:51:148:67:148:67:148:Infinity":13,"b:153:21:153:35:153:35:153:Infinity:154:24:156:Infinity":14,"b:163:4:187:Infinity:undefined:undefined:undefined:undefined":15,"s:163:4:187:Infinity":71,"b:163:8:163:29:163:29:163:39":16,"s:164:8:185:Infinity":72,"f:170:37:170:43":7,"s:170:43:170:Infinity":73,"s:189:4:227:Infinity":74,"b:190:65:190:84:190:84:190:86":17,"b:191:13:191:Infinity:192:16:213:Infinity":18,"b:196:66:196:82:196:82:196:86":19,"f:196:95:196:101":8,"s:196:101:196:119":75,"b:197:69:197:85:197:85:197:89":20,"f:197:98:197:104":9,"s:197:104:197:125":76,"b:198:68:198:84:198:84:198:88":21,"f:198:97:198:103":10,"s:198:103:198:123":77,"b:199:69:199:85:199:85:199:89":22,"f:199:98:199:104":11,"s:199:104:199:125":78,"f:203:41:203:47":12,"s:203:47:203:Infinity":79,"b:217:20:222:Infinity:224:20:224:Infinity":23,"b:219:25:219:Infinity:220:28:220:Infinity":24,"f:224:39:224:40":13,"s:224:49:224:66":80}}}
,"/Users/max/Rust/Battlesim2/src/components/creatureForm/ActionCostEditor.tsx": {"path":"/Users/max/Rust/Battlesim2/src/components/creatureForm/ActionCostEditor.tsx","statementMap":{"0":{"start":{"line":15,"column":36},"end":{"line":116,"column":null}},"1":{"start":{"line":16,"column":20},"end":{"line":18,"column":null}},"2":{"start":{"line":17,"column":8},"end":{"line":17,"column":null}},"3":{"start":{"line":20,"column":23},"end":{"line":24,"column":null}},"4":{"start":{"line":21,"column":25},"end":{"line":21,"column":null}},"5":{"start":{"line":22,"column":8},"end":{"line":22,"column":null}},"6":{"start":{"line":23,"column":8},"end":{"line":23,"column":null}},"7":{"start":{"line":26,"column":23},"end":{"line":30,"column":null}},"8":{"start":{"line":27,"column":25},"end":{"line":27,"column":null}},"9":{"start":{"line":28,"column":8},"end":{"line":28,"column":null}},"10":{"start":{"line":29,"column":8},"end":{"line":29,"column":null}},"11":{"start":{"line":32,"column":23},"end":{"line":38,"column":null}},"12":{"start":{"line":33,"column":8},"end":{"line":37,"column":null}},"13":{"start":{"line":34,"column":12},"end":{"line":34,"column":null}},"14":{"start":{"line":36,"column":12},"end":{"line":36,"column":null}},"15":{"start":{"line":40,"column":4},"end":{"line":114,"column":null}},"16":{"start":{"line":49,"column":16},"end":{"line":112,"column":null}},"17":{"start":{"line":52,"column":60},"end":{"line":52,"column":83}},"18":{"start":{"line":53,"column":40},"end":{"line":53,"column":null}},"19":{"start":{"line":60,"column":43},"end":{"line":60,"column":null}},"20":{"start":{"line":78,"column":47},"end":{"line":78,"column":null}},"21":{"start":{"line":88,"column":47},"end":{"line":88,"column":null}},"22":{"start":{"line":97,"column":47},"end":{"line":97,"column":null}},"23":{"start":{"line":105,"column":43},"end":{"line":105,"column":68}},"24":{"start":{"line":109,"column":43},"end":{"line":109,"column":null}}},"fnMap":{"0":{"name":"(anonymous_0)","decl":{"start":{"line":15,"column":36},"end":{"line":15,"column":37}},"loc":{"start":{"line":15,"column":61},"end":{"line":116,"column":null}},"line":15},"1":{"name":"(anonymous_1)","decl":{"start":{"line":16,"column":20},"end":{"line":16,"column":26}},"loc":{"start":{"line":16,"column":26},"end":{"line":18,"column":null}},"line":16},"2":{"name":"(anonymous_2)","decl":{"start":{"line":20,"column":23},"end":{"line":20,"column":24}},"loc":{"start":{"line":20,"column":42},"end":{"line":24,"column":null}},"line":20},"3":{"name":"(anonymous_3)","decl":{"start":{"line":26,"column":23},"end":{"line":26,"column":24}},"loc":{"start":{"line":26,"column":63},"end":{"line":30,"column":null}},"line":26},"4":{"name":"(anonymous_4)","decl":{"start":{"line":32,"column":23},"end":{"line":32,"column":24}},"loc":{"start":{"line":32,"column":60},"end":{"line":38,"column":null}},"line":32},"5":{"name":"(anonymous_5)","decl":{"start":{"line":48,"column":23},"end":{"line":48,"column":24}},"loc":{"start":{"line":49,"column":16},"end":{"line":112,"column":null}},"line":49},"6":{"name":"(anonymous_6)","decl":{"start":{"line":52,"column":54},"end":{"line":52,"column":60}},"loc":{"start":{"line":52,"column":60},"end":{"line":52,"column":83}},"line":52},"7":{"name":"(anonymous_7)","decl":{"start":{"line":53,"column":34},"end":{"line":53,"column":40}},"loc":{"start":{"line":53,"column":40},"end":{"line":53,"column":null}},"line":53},"8":{"name":"(anonymous_8)","decl":{"start":{"line":60,"column":38},"end":{"line":60,"column":43}},"loc":{"start":{"line":60,"column":43},"end":{"line":60,"column":null}},"line":60},"9":{"name":"(anonymous_9)","decl":{"start":{"line":78,"column":42},"end":{"line":78,"column":47}},"loc":{"start":{"line":78,"column":47},"end":{"line":78,"column":null}},"line":78},"10":{"name":"(anonymous_10)","decl":{"start":{"line":88,"column":42},"end":{"line":88,"column":47}},"loc":{"start":{"line":88,"column":47},"end":{"line":88,"column":null}},"line":88},"11":{"name":"(anonymous_11)","decl":{"start":{"line":97,"column":42},"end":{"line":97,"column":47}},"loc":{"start":{"line":97,"column":47},"end":{"line":97,"column":null}},"line":97},"12":{"name":"(anonymous_12)","decl":{"start":{"line":105,"column":37},"end":{"line":105,"column":43}},"loc":{"start":{"line":105,"column":43},"end":{"line":105,"column":68}},"line":105},"13":{"name":"(anonymous_13)","decl":{"start":{"line":109,"column":37},"end":{"line":109,"column":43}},"loc":{"start":{"line":109,"column":43},"end":{"line":109,"column":null}},"line":109}},"branchMap":{"0":{"loc":{"start":{"line":33,"column":8},"end":{"line":37,"column":null}},"type":"if","locations":[{"start":{"line":33,"column":8},"end":{"line":37,"column":null}},{"start":{"line":35,"column":15},"end":{"line":37,"column":null}}],"line":33},"1":{"loc":{"start":{"line":56,"column":21},"end":{"line":70,"column":null}},"type":"binary-expr","locations":[{"start":{"line":56,"column":21},"end":{"line":56,"column":null}},{"start":{"line":57,"column":24},"end":{"line":70,"column":null}}],"line":56},"2":{"loc":{"start":{"line":59,"column":35},"end":{"line":59,"column":null}},"type":"binary-expr","locations":[{"start":{"line":59,"column":35},"end":{"line":59,"column":55}},{"start":{"line":59,"column":55},"end":{"line":59,"column":null}}],"line":59},"3":{"loc":{"start":{"line":62,"column":32},"end":{"line":66,"column":null}},"type":"cond-expr","locations":[{"start":{"line":62,"column":68},"end":{"line":62,"column":null}},{"start":{"line":63,"column":36},"end":{"line":66,"column":null}}],"line":62},"4":{"loc":{"start":{"line":63,"column":36},"end":{"line":66,"column":null}},"type":"cond-expr","locations":[{"start":{"line":63,"column":76},"end":{"line":63,"column":null}},{"start":{"line":64,"column":40},"end":{"line":66,"column":null}}],"line":63},"5":{"loc":{"start":{"line":64,"column":40},"end":{"line":66,"column":null}},"type":"cond-expr","locations":[{"start":{"line":64,"column":77},"end":{"line":64,"column":null}},{"start":{"line":65,"column":44},"end":{"line":66,"column":null}}],"line":64},"6":{"loc":{"start":{"line":65,"column":44},"end":{"line":66,"column":null}},"type":"cond-expr","locations":[{"start":{"line":65,"column":78},"end":{"line":65,"column":null}},{"start":{"line":66,"column":48},"end":{"line":66,"column":null}}],"line":65},"7":{"loc":{"start":{"line":73,"column":21},"end":{"line":102,"column":null}},"type":"cond-expr","locations":[{"start":{"line":74,"column":24},"end":{"line":82,"column":null}},{"start":{"line":84,"column":24},"end":{"line":102,"column":null}}],"line":73},"8":{"loc":{"start":{"line":105,"column":75},"end":{"line":105,"column":null}},"type":"cond-expr","locations":[{"start":{"line":105,"column":102},"end":{"line":105,"column":125}},{"start":{"line":105,"column":125},"end":{"line":105,"column":null}}],"line":105},"9":{"loc":{"start":{"line":106,"column":64},"end":{"line":106,"column":114}},"type":"cond-expr","locations":[{"start":{"line":106,"column":91},"end":{"line":106,"column":103}},{"start":{"line":106,"column":103},"end":{"line":106,"column":114}}],"line":106}},"s":{"0":1,"1":0,"2":0,"3":0,"4":0,"5":0,"6":0,"7":0,"8":0,"9":0,"10":0,"11":0,"12":0,"13":0,"14":0,"15":0,"16":0,"17":0,"18":0,"19":0,"20":0,"21":0,"22":0,"23":0,"24":0},"f":{"0":0,"1":0,"2":0,"3":0,"4":0,"5":0,"6":0,"7":0,"8":0,"9":0,"10":0,"11":0,"12":0,"13":0},"b":{"0":[0,0],"1":[0,0],"2":[0,0],"3":[0,0],"4":[0,0],"5":[0,0],"6":[0,0],"7":[0,0],"8":[0,0],"9":[0,0]},"meta":{"lastBranch":10,"lastFunction":14,"lastStatement":25,"seen":{"s:15:36:116:Infinity":0,"f:15:36:15:37":0,"s:16:20:18:Infinity":1,"f:16:20:16:26":1,"s:17:8:17:Infinity":2,"s:20:23:24:Infinity":3,"f:20:23:20:24":2,"s:21:25:21:Infinity":4,"s:22:8:22:Infinity":5,"s:23:8:23:Infinity":6,"s:26:23:30:Infinity":7,"f:26:23:26:24":3,"s:27:25:27:Infinity":8,"s:28:8:28:Infinity":9,"s:29:8:29:Infinity":10,"s:32:23:38:Infinity":11,"f:32:23:32:24":4,"b:33:8:37:Infinity:35:15:37:Infinity":0,"s:33:8:37:Infinity":12,"s:34:12:34:Infinity":13,"s:36:12:36:Infinity":14,"s:40:4:114:Infinity":15,"f:48:23:48:24":5,"s:49:16:112:Infinity":16,"f:52:54:52:60":6,"s:52:60:52:83":17,"f:53:34:53:40":7,"s:53:40:53:Infinity":18,"b:56:21:56:Infinity:57:24:70:Infinity":1,"b:59:35:59:55:59:55:59:Infinity":2,"f:60:38:60:43":8,"s:60:43:60:Infinity":19,"b:62:68:62:Infinity:63:36:66:Infinity":3,"b:63:76:63:Infinity:64:40:66:Infinity":4,"b:64:77:64:Infinity:65:44:66:Infinity":5,"b:65:78:65:Infinity:66:48:66:Infinity":6,"b:74:24:82:Infinity:84:24:102:Infinity":7,"f:78:42:78:47":9,"s:78:47:78:Infinity":20,"f:88:42:88:47":10,"s:88:47:88:Infinity":21,"f:97:42:97:47":11,"s:97:47:97:Infinity":22,"f:105:37:105:43":12,"s:105:43:105:68":23,"b:105:102:105:125:105:125:105:Infinity":8,"b:106:91:106:103:106:103:106:114":9,"f:109:37:109:43":13,"s:109:43:109:Infinity":24}}}
,"/Users/max/Rust/Battlesim2/src/components/creatureForm/ActionRequirementEditor.tsx": {"path":"/Users/max/Rust/Battlesim2/src/components/creatureForm/ActionRequirementEditor.tsx","statementMap":{"0":{"start":{"line":14,"column":25},"end":{"line":14,"column":null}},"1":{"start":{"line":15,"column":25},"end":{"line":15,"column":null}},"2":{"start":{"line":17,"column":43},"end":{"line":150,"column":null}},"3":{"start":{"line":18,"column":19},"end":{"line":20,"column":null}},"4":{"start":{"line":19,"column":8},"end":{"line":19,"column":null}},"5":{"start":{"line":22,"column":22},"end":{"line":26,"column":null}},"6":{"start":{"line":23,"column":25},"end":{"line":23,"column":null}},"7":{"start":{"line":24,"column":8},"end":{"line":24,"column":null}},"8":{"start":{"line":25,"column":8},"end":{"line":25,"column":null}},"9":{"start":{"line":28,"column":22},"end":{"line":32,"column":null}},"10":{"start":{"line":29,"column":25},"end":{"line":29,"column":null}},"11":{"start":{"line":30,"column":8},"end":{"line":30,"column":null}},"12":{"start":{"line":31,"column":8},"end":{"line":31,"column":null}},"13":{"start":{"line":34,"column":23},"end":{"line":54,"column":null}},"14":{"start":{"line":35,"column":24},"end":{"line":35,"column":null}},"15":{"start":{"line":36,"column":8},"end":{"line":36,"column":null}},"16":{"start":{"line":36,"column":35},"end":{"line":36,"column":null}},"17":{"start":{"line":39,"column":8},"end":{"line":52,"column":null}},"18":{"start":{"line":41,"column":16},"end":{"line":41,"column":null}},"19":{"start":{"line":42,"column":16},"end":{"line":42,"column":null}},"20":{"start":{"line":44,"column":16},"end":{"line":44,"column":null}},"21":{"start":{"line":45,"column":16},"end":{"line":45,"column":null}},"22":{"start":{"line":47,"column":16},"end":{"line":47,"column":null}},"23":{"start":{"line":48,"column":16},"end":{"line":48,"column":null}},"24":{"start":{"line":50,"column":16},"end":{"line":50,"column":null}},"25":{"start":{"line":51,"column":16},"end":{"line":51,"column":null}},"26":{"start":{"line":53,"column":8},"end":{"line":53,"column":null}},"27":{"start":{"line":56,"column":4},"end":{"line":148,"column":null}},"28":{"start":{"line":65,"column":16},"end":{"line":146,"column":null}},"29":{"start":{"line":69,"column":60},"end":{"line":69,"column":83}},"30":{"start":{"line":70,"column":39},"end":{"line":70,"column":null}},"31":{"start":{"line":78,"column":68},"end":{"line":78,"column":91}},"32":{"start":{"line":79,"column":48},"end":{"line":79,"column":null}},"33":{"start":{"line":85,"column":51},"end":{"line":85,"column":null}},"34":{"start":{"line":100,"column":47},"end":{"line":100,"column":null}},"35":{"start":{"line":110,"column":68},"end":{"line":110,"column":91}},"36":{"start":{"line":111,"column":47},"end":{"line":111,"column":null}},"37":{"start":{"line":116,"column":47},"end":{"line":116,"column":null}},"38":{"start":{"line":127,"column":43},"end":{"line":127,"column":null}},"39":{"start":{"line":137,"column":43},"end":{"line":137,"column":null}},"40":{"start":{"line":143,"column":43},"end":{"line":143,"column":null}}},"fnMap":{"0":{"name":"(anonymous_0)","decl":{"start":{"line":17,"column":43},"end":{"line":17,"column":44}},"loc":{"start":{"line":17,"column":68},"end":{"line":150,"column":null}},"line":17},"1":{"name":"(anonymous_1)","decl":{"start":{"line":18,"column":19},"end":{"line":18,"column":25}},"loc":{"start":{"line":18,"column":25},"end":{"line":20,"column":null}},"line":18},"2":{"name":"(anonymous_2)","decl":{"start":{"line":22,"column":22},"end":{"line":22,"column":23}},"loc":{"start":{"line":22,"column":41},"end":{"line":26,"column":null}},"line":22},"3":{"name":"(anonymous_3)","decl":{"start":{"line":28,"column":22},"end":{"line":28,"column":23}},"loc":{"start":{"line":28,"column":68},"end":{"line":32,"column":null}},"line":28},"4":{"name":"(anonymous_4)","decl":{"start":{"line":34,"column":23},"end":{"line":34,"column":24}},"loc":{"start":{"line":34,"column":75},"end":{"line":54,"column":null}},"line":34},"5":{"name":"(anonymous_5)","decl":{"start":{"line":64,"column":23},"end":{"line":64,"column":24}},"loc":{"start":{"line":65,"column":16},"end":{"line":146,"column":null}},"line":65},"6":{"name":"(anonymous_6)","decl":{"start":{"line":69,"column":54},"end":{"line":69,"column":60}},"loc":{"start":{"line":69,"column":60},"end":{"line":69,"column":83}},"line":69},"7":{"name":"(anonymous_7)","decl":{"start":{"line":70,"column":34},"end":{"line":70,"column":39}},"loc":{"start":{"line":70,"column":39},"end":{"line":70,"column":null}},"line":70},"8":{"name":"(anonymous_8)","decl":{"start":{"line":78,"column":62},"end":{"line":78,"column":68}},"loc":{"start":{"line":78,"column":68},"end":{"line":78,"column":91}},"line":78},"9":{"name":"(anonymous_9)","decl":{"start":{"line":79,"column":42},"end":{"line":79,"column":48}},"loc":{"start":{"line":79,"column":48},"end":{"line":79,"column":null}},"line":79},"10":{"name":"(anonymous_10)","decl":{"start":{"line":85,"column":46},"end":{"line":85,"column":51}},"loc":{"start":{"line":85,"column":51},"end":{"line":85,"column":null}},"line":85},"11":{"name":"(anonymous_11)","decl":{"start":{"line":100,"column":42},"end":{"line":100,"column":47}},"loc":{"start":{"line":100,"column":47},"end":{"line":100,"column":null}},"line":100},"12":{"name":"(anonymous_12)","decl":{"start":{"line":110,"column":62},"end":{"line":110,"column":68}},"loc":{"start":{"line":110,"column":68},"end":{"line":110,"column":91}},"line":110},"13":{"name":"(anonymous_13)","decl":{"start":{"line":111,"column":42},"end":{"line":111,"column":47}},"loc":{"start":{"line":111,"column":47},"end":{"line":111,"column":null}},"line":111},"14":{"name":"(anonymous_14)","decl":{"start":{"line":116,"column":42},"end":{"line":116,"column":47}},"loc":{"start":{"line":116,"column":47},"end":{"line":116,"column":null}},"line":116},"15":{"name":"(anonymous_15)","decl":{"start":{"line":127,"column":38},"end":{"line":127,"column":43}},"loc":{"start":{"line":127,"column":43},"end":{"line":127,"column":null}},"line":127},"16":{"name":"(anonymous_16)","decl":{"start":{"line":137,"column":38},"end":{"line":137,"column":43}},"loc":{"start":{"line":137,"column":43},"end":{"line":137,"column":null}},"line":137},"17":{"name":"(anonymous_17)","decl":{"start":{"line":143,"column":37},"end":{"line":143,"column":43}},"loc":{"start":{"line":143,"column":43},"end":{"line":143,"column":null}},"line":143}},"branchMap":{"0":{"loc":{"start":{"line":36,"column":8},"end":{"line":36,"column":null}},"type":"if","locations":[{"start":{"line":36,"column":8},"end":{"line":36,"column":null}},{"start":{},"end":{}}],"line":36},"1":{"loc":{"start":{"line":39,"column":8},"end":{"line":52,"column":null}},"type":"switch","locations":[{"start":{"line":40,"column":12},"end":{"line":42,"column":null}},{"start":{"line":43,"column":12},"end":{"line":45,"column":null}},{"start":{"line":46,"column":12},"end":{"line":48,"column":null}},{"start":{"line":49,"column":12},"end":{"line":51,"column":null}}],"line":39},"2":{"loc":{"start":{"line":74,"column":21},"end":{"line":103,"column":null}},"type":"binary-expr","locations":[{"start":{"line":74,"column":21},"end":{"line":74,"column":null}},{"start":{"line":75,"column":24},"end":{"line":103,"column":null}}],"line":74},"3":{"loc":{"start":{"line":81,"column":29},"end":{"line":95,"column":null}},"type":"binary-expr","locations":[{"start":{"line":81,"column":29},"end":{"line":81,"column":null}},{"start":{"line":82,"column":32},"end":{"line":95,"column":null}}],"line":81},"4":{"loc":{"start":{"line":84,"column":43},"end":{"line":84,"column":null}},"type":"binary-expr","locations":[{"start":{"line":84,"column":43},"end":{"line":84,"column":62}},{"start":{"line":84,"column":62},"end":{"line":84,"column":null}}],"line":84},"5":{"loc":{"start":{"line":87,"column":40},"end":{"line":91,"column":null}},"type":"cond-expr","locations":[{"start":{"line":87,"column":75},"end":{"line":87,"column":null}},{"start":{"line":88,"column":44},"end":{"line":91,"column":null}}],"line":87},"6":{"loc":{"start":{"line":88,"column":44},"end":{"line":91,"column":null}},"type":"cond-expr","locations":[{"start":{"line":88,"column":83},"end":{"line":88,"column":null}},{"start":{"line":89,"column":48},"end":{"line":91,"column":null}}],"line":88},"7":{"loc":{"start":{"line":89,"column":48},"end":{"line":91,"column":null}},"type":"cond-expr","locations":[{"start":{"line":89,"column":84},"end":{"line":89,"column":null}},{"start":{"line":90,"column":52},"end":{"line":91,"column":null}}],"line":89},"8":{"loc":{"start":{"line":90,"column":52},"end":{"line":91,"column":null}},"type":"cond-expr","locations":[{"start":{"line":90,"column":85},"end":{"line":90,"column":null}},{"start":{"line":91,"column":56},"end":{"line":91,"column":null}}],"line":90},"9":{"loc":{"start":{"line":106,"column":21},"end":{"line":120,"column":null}},"type":"binary-expr","locations":[{"start":{"line":106,"column":21},"end":{"line":106,"column":null}},{"start":{"line":107,"column":24},"end":{"line":120,"column":null}}],"line":106},"10":{"loc":{"start":{"line":115,"column":39},"end":{"line":115,"column":null}},"type":"binary-expr","locations":[{"start":{"line":115,"column":39},"end":{"line":115,"column":52}},{"start":{"line":115,"column":52},"end":{"line":115,"column":null}}],"line":115},"11":{"loc":{"start":{"line":123,"column":21},"end":{"line":130,"column":null}},"type":"binary-expr","locations":[{"start":{"line":123,"column":21},"end":{"line":123,"column":null}},{"start":{"line":124,"column":24},"end":{"line":130,"column":null}}],"line":123},"12":{"loc":{"start":{"line":133,"column":21},"end":{"line":140,"column":null}},"type":"binary-expr","locations":[{"start":{"line":133,"column":21},"end":{"line":133,"column":null}},{"start":{"line":134,"column":24},"end":{"line":140,"column":null}}],"line":133}},"s":{"0":1,"1":1,"2":1,"3":0,"4":0,"5":0,"6":0,"7":0,"8":0,"9":0,"10":0,"11":0,"12":0,"13":0,"14":0,"15":0,"16":0,"17":0,"18":0,"19":0,"20":0,"21":0,"22":0,"23":0,"24":0,"25":0,"26":0,"27":0,"28":0,"29":0,"30":0,"31":0,"32":0,"33":0,"34":0,"35":0,"36":0,"37":0,"38":0,"39":0,"40":0},"f":{"0":0,"1":0,"2":0,"3":0,"4":0,"5":0,"6":0,"7":0,"8":0,"9":0,"10":0,"11":0,"12":0,"13":0,"14":0,"15":0,"16":0,"17":0},"b":{"0":[0,0],"1":[0,0,0,0],"2":[0,0],"3":[0,0],"4":[0,0],"5":[0,0],"6":[0,0],"7":[0,0],"8":[0,0],"9":[0,0],"10":[0,0],"11":[0,0],"12":[0,0]},"meta":{"lastBranch":13,"lastFunction":18,"lastStatement":41,"seen":{"s:14:25:14:Infinity":0,"s:15:25:15:Infinity":1,"s:17:43:150:Infinity":2,"f:17:43:17:44":0,"s:18:19:20:Infinity":3,"f:18:19:18:25":1,"s:19:8:19:Infinity":4,"s:22:22:26:Infinity":5,"f:22:22:22:23":2,"s:23:25:23:Infinity":6,"s:24:8:24:Infinity":7,"s:25:8:25:Infinity":8,"s:28:22:32:Infinity":9,"f:28:22:28:23":3,"s:29:25:29:Infinity":10,"s:30:8:30:Infinity":11,"s:31:8:31:Infinity":12,"s:34:23:54:Infinity":13,"f:34:23:34:24":4,"s:35:24:35:Infinity":14,"b:36:8:36:Infinity:undefined:undefined:undefined:undefined":0,"s:36:8:36:Infinity":15,"s:36:35:36:Infinity":16,"b:40:12:42:Infinity:43:12:45:Infinity:46:12:48:Infinity:49:12:51:Infinity":1,"s:39:8:52:Infinity":17,"s:41:16:41:Infinity":18,"s:42:16:42:Infinity":19,"s:44:16:44:Infinity":20,"s:45:16:45:Infinity":21,"s:47:16:47:Infinity":22,"s:48:16:48:Infinity":23,"s:50:16:50:Infinity":24,"s:51:16:51:Infinity":25,"s:53:8:53:Infinity":26,"s:56:4:148:Infinity":27,"f:64:23:64:24":5,"s:65:16:146:Infinity":28,"f:69:54:69:60":6,"s:69:60:69:83":29,"f:70:34:70:39":7,"s:70:39:70:Infinity":30,"b:74:21:74:Infinity:75:24:103:Infinity":2,"f:78:62:78:68":8,"s:78:68:78:91":31,"f:79:42:79:48":9,"s:79:48:79:Infinity":32,"b:81:29:81:Infinity:82:32:95:Infinity":3,"b:84:43:84:62:84:62:84:Infinity":4,"f:85:46:85:51":10,"s:85:51:85:Infinity":33,"b:87:75:87:Infinity:88:44:91:Infinity":5,"b:88:83:88:Infinity:89:48:91:Infinity":6,"b:89:84:89:Infinity:90:52:91:Infinity":7,"b:90:85:90:Infinity:91:56:91:Infinity":8,"f:100:42:100:47":11,"s:100:47:100:Infinity":34,"b:106:21:106:Infinity:107:24:120:Infinity":9,"f:110:62:110:68":12,"s:110:68:110:91":35,"f:111:42:111:47":13,"s:111:47:111:Infinity":36,"b:115:39:115:52:115:52:115:Infinity":10,"f:116:42:116:47":14,"s:116:47:116:Infinity":37,"b:123:21:123:Infinity:124:24:130:Infinity":11,"f:127:38:127:43":15,"s:127:43:127:Infinity":38,"b:133:21:133:Infinity:134:24:140:Infinity":12,"f:137:38:137:43":16,"s:137:43:137:Infinity":39,"f:143:37:143:43":17,"s:143:43:143:Infinity":40}}}
,"/Users/max/Rust/Battlesim2/src/components/creatureForm/ImportButton.tsx": {"path":"/Users/max/Rust/Battlesim2/src/components/creatureForm/ImportButton.tsx","statementMap":{"0":{"start":{"line":13,"column":35},"end":{"line":39,"column":null}},"1":{"start":{"line":14,"column":36},"end":{"line":14,"column":null}},"2":{"start":{"line":17,"column":8},"end":{"line":17,"column":null}},"3":{"start":{"line":18,"column":8},"end":{"line":18,"column":null}},"4":{"start":{"line":21,"column":4},"end":{"line":37,"column":null}},"5":{"start":{"line":25,"column":31},"end":{"line":25,"column":null}},"6":{"start":{"line":34,"column":36},"end":{"line":34,"column":null}}},"fnMap":{"0":{"name":"(anonymous_0)","decl":{"start":{"line":13,"column":35},"end":{"line":13,"column":36}},"loc":{"start":{"line":13,"column":64},"end":{"line":39,"column":null}},"line":13},"1":{"name":"handleImport","decl":{"start":{"line":16,"column":13},"end":{"line":16,"column":26}},"loc":{"start":{"line":16,"column":46},"end":{"line":19,"column":null}},"line":16},"2":{"name":"(anonymous_2)","decl":{"start":{"line":25,"column":25},"end":{"line":25,"column":31}},"loc":{"start":{"line":25,"column":31},"end":{"line":25,"column":null}},"line":25},"3":{"name":"(anonymous_3)","decl":{"start":{"line":34,"column":30},"end":{"line":34,"column":36}},"loc":{"start":{"line":34,"column":36},"end":{"line":34,"column":null}},"line":34}},"branchMap":{"0":{"loc":{"start":{"line":31,"column":13},"end":{"line":35,"column":null}},"type":"binary-expr","locations":[{"start":{"line":31,"column":13},"end":{"line":31,"column":null}},{"start":{"line":32,"column":16},"end":{"line":35,"column":null}}],"line":31}},"s":{"0":2,"1":2,"2":0,"3":0,"4":2,"5":1,"6":0},"f":{"0":2,"1":0,"2":1,"3":0},"b":{"0":[2,1]},"meta":{"lastBranch":1,"lastFunction":4,"lastStatement":7,"seen":{"s:13:35:39:Infinity":0,"f:13:35:13:36":0,"s:14:36:14:Infinity":1,"f:16:13:16:26":1,"s:17:8:17:Infinity":2,"s:18:8:18:Infinity":3,"s:21:4:37:Infinity":4,"f:25:25:25:31":2,"s:25:31:25:Infinity":5,"b:31:13:31:Infinity:32:16:35:Infinity":0,"f:34:30:34:36":3,"s:34:36:34:Infinity":6}}}
,"/Users/max/Rust/Battlesim2/src/components/creatureForm/ImportModal.tsx": {"path":"/Users/max/Rust/Battlesim2/src/components/creatureForm/ImportModal.tsx","statementMap":{"0":{"start":{"line":14,"column":34},"end":{"line":79,"column":null}},"1":{"start":{"line":15,"column":32},"end":{"line":15,"column":null}},"2":{"start":{"line":16,"column":26},"end":{"line":16,"column":null}},"3":{"start":{"line":18,"column":25},"end":{"line":48,"column":null}},"4":{"start":{"line":19,"column":8},"end":{"line":19,"column":null}},"5":{"start":{"line":20,"column":8},"end":{"line":47,"column":null}},"6":{"start":{"line":21,"column":18},"end":{"line":21,"column":null}},"7":{"start":{"line":22,"column":12},"end":{"line":25,"column":null}},"8":{"start":{"line":23,"column":16},"end":{"line":23,"column":null}},"9":{"start":{"line":24,"column":16},"end":{"line":24,"column":null}},"10":{"start":{"line":28,"column":12},"end":{"line":33,"column":null}},"11":{"start":{"line":29,"column":16},"end":{"line":29,"column":null}},"12":{"start":{"line":31,"column":16},"end":{"line":31,"column":null}},"13":{"start":{"line":32,"column":16},"end":{"line":32,"column":null}},"14":{"start":{"line":35,"column":31},"end":{"line":35,"column":null}},"15":{"start":{"line":36,"column":12},"end":{"line":40,"column":null}},"16":{"start":{"line":37,"column":31},"end":{"line":37,"column":null}},"17":{"start":{"line":37,"column":64},"end":{"line":37,"column":100}},"18":{"start":{"line":38,"column":16},"end":{"line":38,"column":null}},"19":{"start":{"line":39,"column":16},"end":{"line":39,"column":null}},"20":{"start":{"line":42,"column":18},"end":{"line":42,"column":null}},"21":{"start":{"line":43,"column":12},"end":{"line":43,"column":null}},"22":{"start":{"line":45,"column":12},"end":{"line":45,"column":null}},"23":{"start":{"line":46,"column":12},"end":{"line":46,"column":null}},"24":{"start":{"line":50,"column":4},"end":{"line":77,"column":null}},"25":{"start":{"line":59,"column":20},"end":{"line":59,"column":null}},"26":{"start":{"line":60,"column":20},"end":{"line":60,"column":null}}},"fnMap":{"0":{"name":"(anonymous_0)","decl":{"start":{"line":14,"column":34},"end":{"line":14,"column":35}},"loc":{"start":{"line":14,"column":62},"end":{"line":79,"column":null}},"line":14},"1":{"name":"(anonymous_1)","decl":{"start":{"line":18,"column":25},"end":{"line":18,"column":31}},"loc":{"start":{"line":18,"column":31},"end":{"line":48,"column":null}},"line":18},"2":{"name":"(anonymous_2)","decl":{"start":{"line":37,"column":59},"end":{"line":37,"column":64}},"loc":{"start":{"line":37,"column":64},"end":{"line":37,"column":100}},"line":37},"3":{"name":"(anonymous_3)","decl":{"start":{"line":58,"column":26},"end":{"line":58,"column":27}},"loc":{"start":{"line":58,"column":33},"end":{"line":61,"column":null}},"line":58}},"branchMap":{"0":{"loc":{"start":{"line":22,"column":12},"end":{"line":25,"column":null}},"type":"if","locations":[{"start":{"line":22,"column":12},"end":{"line":25,"column":null}},{"start":{},"end":{}}],"line":22},"1":{"loc":{"start":{"line":36,"column":12},"end":{"line":40,"column":null}},"type":"if","locations":[{"start":{"line":36,"column":12},"end":{"line":40,"column":null}},{"start":{},"end":{}}],"line":36},"2":{"loc":{"start":{"line":65,"column":13},"end":{"line":65,"column":null}},"type":"binary-expr","locations":[{"start":{"line":65,"column":13},"end":{"line":65,"column":22}},{"start":{"line":65,"column":22},"end":{"line":65,"column":null}}],"line":65}},"s":{"0":3,"1":10,"2":10,"3":10,"4":3,"5":3,"6":3,"7":3,"8":1,"9":1,"10":2,"11":2,"12":0,"13":0,"14":2,"15":2,"16":0,"17":0,"18":0,"19":0,"20":2,"21":2,"22":0,"23":0,"24":10,"25":3,"26":3},"f":{"0":10,"1":3,"2":0,"3":3},"b":{"0":[1,2],"1":[0,2],"2":[10,1]},"meta":{"lastBranch":3,"lastFunction":4,"lastStatement":27,"seen":{"s:14:34:79:Infinity":0,"f:14:34:14:35":0,"s:15:32:15:Infinity":1,"s:16:26:16:Infinity":2,"s:18:25:48:Infinity":3,"f:18:25:18:31":1,"s:19:8:19:Infinity":4,"s:20:8:47:Infinity":5,"s:21:18:21:Infinity":6,"b:22:12:25:Infinity:undefined:undefined:undefined:undefined":0,"s:22:12:25:Infinity":7,"s:23:16:23:Infinity":8,"s:24:16:24:Infinity":9,"s:28:12:33:Infinity":10,"s:29:16:29:Infinity":11,"s:31:16:31:Infinity":12,"s:32:16:32:Infinity":13,"s:35:31:35:Infinity":14,"b:36:12:40:Infinity:undefined:undefined:undefined:undefined":1,"s:36:12:40:Infinity":15,"s:37:31:37:Infinity":16,"f:37:59:37:64":2,"s:37:64:37:100":17,"s:38:16:38:Infinity":18,"s:39:16:39:Infinity":19,"s:42:18:42:Infinity":20,"s:43:12:43:Infinity":21,"s:45:12:45:Infinity":22,"s:46:12:46:Infinity":23,"s:50:4:77:Infinity":24,"f:58:26:58:27":3,"s:59:20:59:Infinity":25,"s:60:20:60:Infinity":26,"b:65:13:65:22:65:22:65:Infinity":2}}}
,"/Users/max/Rust/Battlesim2/src/components/creatureForm/ResourceEditor.tsx": {"path":"/Users/max/Rust/Battlesim2/src/components/creatureForm/ResourceEditor.tsx","statementMap":{"0":{"start":{"line":15,"column":34},"end":{"line":237,"column":null}},"1":{"start":{"line":17,"column":38},"end":{"line":17,"column":null}},"2":{"start":{"line":18,"column":36},"end":{"line":18,"column":null}},"3":{"start":{"line":19,"column":48},"end":{"line":19,"column":null}},"4":{"start":{"line":22,"column":4},"end":{"line":28,"column":null}},"5":{"start":{"line":23,"column":14},"end":{"line":23,"column":null}},"6":{"start":{"line":24,"column":8},"end":{"line":27,"column":null}},"7":{"start":{"line":25,"column":12},"end":{"line":25,"column":null}},"8":{"start":{"line":26,"column":12},"end":{"line":26,"column":null}},"9":{"start":{"line":31,"column":14},"end":{"line":31,"column":null}},"10":{"start":{"line":32,"column":8},"end":{"line":32,"column":null}},"11":{"start":{"line":33,"column":8},"end":{"line":33,"column":null}},"12":{"start":{"line":37,"column":29},"end":{"line":44,"column":null}},"13":{"start":{"line":38,"column":8},"end":{"line":38,"column":null}},"14":{"start":{"line":38,"column":64},"end":{"line":38,"column":null}},"15":{"start":{"line":40,"column":14},"end":{"line":40,"column":null}},"16":{"start":{"line":41,"column":8},"end":{"line":43,"column":null}},"17":{"start":{"line":42,"column":12},"end":{"line":42,"column":null}},"18":{"start":{"line":47,"column":25},"end":{"line":54,"column":null}},"19":{"start":{"line":48,"column":8},"end":{"line":53,"column":null}},"20":{"start":{"line":49,"column":12},"end":{"line":49,"column":null}},"21":{"start":{"line":49,"column":31},"end":{"line":49,"column":null}},"22":{"start":{"line":50,"column":35},"end":{"line":50,"column":null}},"23":{"start":{"line":50,"column":70},"end":{"line":50,"column":108}},"24":{"start":{"line":51,"column":30},"end":{"line":51,"column":null}},"25":{"start":{"line":52,"column":12},"end":{"line":52,"column":null}},"26":{"start":{"line":56,"column":33},"end":{"line":65,"column":null}},"27":{"start":{"line":57,"column":8},"end":{"line":57,"column":null}},"28":{"start":{"line":57,"column":35},"end":{"line":57,"column":null}},"29":{"start":{"line":58,"column":8},"end":{"line":64,"column":null}},"30":{"start":{"line":59,"column":12},"end":{"line":63,"column":null}},"31":{"start":{"line":60,"column":30},"end":{"line":60,"column":null}},"32":{"start":{"line":61,"column":16},"end":{"line":61,"column":null}},"33":{"start":{"line":62,"column":16},"end":{"line":62,"column":null}},"34":{"start":{"line":67,"column":33},"end":{"line":71,"column":null}},"35":{"start":{"line":68,"column":8},"end":{"line":70,"column":null}},"36":{"start":{"line":69,"column":12},"end":{"line":69,"column":null}},"37":{"start":{"line":69,"column":30},"end":{"line":69,"column":null}},"38":{"start":{"line":73,"column":28},"end":{"line":77,"column":null}},"39":{"start":{"line":74,"column":8},"end":{"line":76,"column":null}},"40":{"start":{"line":75,"column":12},"end":{"line":75,"column":null}},"41":{"start":{"line":75,"column":30},"end":{"line":75,"column":null}},"42":{"start":{"line":80,"column":29},"end":{"line":86,"column":null}},"43":{"start":{"line":81,"column":8},"end":{"line":85,"column":null}},"44":{"start":{"line":82,"column":12},"end":{"line":82,"column":null}},"45":{"start":{"line":82,"column":35},"end":{"line":82,"column":null}},"46":{"start":{"line":83,"column":34},"end":{"line":83,"column":null}},"47":{"start":{"line":84,"column":12},"end":{"line":84,"column":null}},"48":{"start":{"line":88,"column":36},"end":{"line":97,"column":null}},"49":{"start":{"line":89,"column":8},"end":{"line":89,"column":null}},"50":{"start":{"line":89,"column":33},"end":{"line":89,"column":null}},"51":{"start":{"line":90,"column":8},"end":{"line":96,"column":null}},"52":{"start":{"line":91,"column":12},"end":{"line":95,"column":null}},"53":{"start":{"line":92,"column":30},"end":{"line":92,"column":null}},"54":{"start":{"line":93,"column":16},"end":{"line":93,"column":null}},"55":{"start":{"line":94,"column":16},"end":{"line":94,"column":null}},"56":{"start":{"line":99,"column":37},"end":{"line":103,"column":null}},"57":{"start":{"line":100,"column":8},"end":{"line":102,"column":null}},"58":{"start":{"line":101,"column":12},"end":{"line":101,"column":null}},"59":{"start":{"line":101,"column":34},"end":{"line":101,"column":null}},"60":{"start":{"line":105,"column":32},"end":{"line":109,"column":null}},"61":{"start":{"line":106,"column":8},"end":{"line":108,"column":null}},"62":{"start":{"line":107,"column":12},"end":{"line":107,"column":null}},"63":{"start":{"line":107,"column":34},"end":{"line":107,"column":null}},"64":{"start":{"line":112,"column":29},"end":{"line":118,"column":null}},"65":{"start":{"line":114,"column":27},"end":{"line":114,"column":null}},"66":{"start":{"line":115,"column":27},"end":{"line":115,"column":null}},"67":{"start":{"line":116,"column":12},"end":{"line":116,"column":null}},"68":{"start":{"line":120,"column":4},"end":{"line":235,"column":null}},"69":{"start":{"line":127,"column":43},"end":{"line":127,"column":null}},"70":{"start":{"line":148,"column":47},"end":{"line":148,"column":null}},"71":{"start":{"line":157,"column":47},"end":{"line":157,"column":null}},"72":{"start":{"line":160,"column":36},"end":{"line":160,"column":null}},"73":{"start":{"line":175,"column":20},"end":{"line":198,"column":null}},"74":{"start":{"line":181,"column":49},"end":{"line":181,"column":null}},"75":{"start":{"line":182,"column":32},"end":{"line":182,"column":null}},"76":{"start":{"line":191,"column":43},"end":{"line":191,"column":null}},"77":{"start":{"line":195,"column":47},"end":{"line":195,"column":71}},"78":{"start":{"line":211,"column":20},"end":{"line":231,"column":null}},"79":{"start":{"line":216,"column":43},"end":{"line":216,"column":null}},"80":{"start":{"line":224,"column":43},"end":{"line":224,"column":null}},"81":{"start":{"line":228,"column":47},"end":{"line":228,"column":74}}},"fnMap":{"0":{"name":"(anonymous_0)","decl":{"start":{"line":15,"column":34},"end":{"line":15,"column":35}},"loc":{"start":{"line":15,"column":59},"end":{"line":237,"column":null}},"line":15},"1":{"name":"(anonymous_1)","decl":{"start":{"line":22,"column":14},"end":{"line":22,"column":20}},"loc":{"start":{"line":22,"column":20},"end":{"line":28,"column":7}},"line":22},"2":{"name":"updateCreature","decl":{"start":{"line":30,"column":13},"end":{"line":30,"column":28}},"loc":{"start":{"line":30,"column":73},"end":{"line":34,"column":null}},"line":30},"3":{"name":"(anonymous_3)","decl":{"start":{"line":37,"column":29},"end":{"line":37,"column":35}},"loc":{"start":{"line":37,"column":35},"end":{"line":44,"column":null}},"line":37},"4":{"name":"(anonymous_4)","decl":{"start":{"line":41,"column":23},"end":{"line":41,"column":28}},"loc":{"start":{"line":41,"column":28},"end":{"line":43,"column":9}},"line":41},"5":{"name":"(anonymous_5)","decl":{"start":{"line":47,"column":25},"end":{"line":47,"column":31}},"loc":{"start":{"line":47,"column":31},"end":{"line":54,"column":null}},"line":47},"6":{"name":"(anonymous_6)","decl":{"start":{"line":48,"column":23},"end":{"line":48,"column":28}},"loc":{"start":{"line":48,"column":28},"end":{"line":53,"column":9}},"line":48},"7":{"name":"(anonymous_7)","decl":{"start":{"line":50,"column":65},"end":{"line":50,"column":70}},"loc":{"start":{"line":50,"column":70},"end":{"line":50,"column":108}},"line":50},"8":{"name":"(anonymous_8)","decl":{"start":{"line":56,"column":33},"end":{"line":56,"column":34}},"loc":{"start":{"line":56,"column":73},"end":{"line":65,"column":null}},"line":56},"9":{"name":"(anonymous_9)","decl":{"start":{"line":58,"column":23},"end":{"line":58,"column":28}},"loc":{"start":{"line":58,"column":28},"end":{"line":64,"column":9}},"line":58},"10":{"name":"(anonymous_10)","decl":{"start":{"line":67,"column":33},"end":{"line":67,"column":34}},"loc":{"start":{"line":67,"column":70},"end":{"line":71,"column":null}},"line":67},"11":{"name":"(anonymous_11)","decl":{"start":{"line":68,"column":23},"end":{"line":68,"column":28}},"loc":{"start":{"line":68,"column":28},"end":{"line":70,"column":9}},"line":68},"12":{"name":"(anonymous_12)","decl":{"start":{"line":73,"column":28},"end":{"line":73,"column":29}},"loc":{"start":{"line":73,"column":47},"end":{"line":77,"column":null}},"line":73},"13":{"name":"(anonymous_13)","decl":{"start":{"line":74,"column":23},"end":{"line":74,"column":28}},"loc":{"start":{"line":74,"column":28},"end":{"line":76,"column":9}},"line":74},"14":{"name":"(anonymous_14)","decl":{"start":{"line":80,"column":29},"end":{"line":80,"column":35}},"loc":{"start":{"line":80,"column":35},"end":{"line":86,"column":null}},"line":80},"15":{"name":"(anonymous_15)","decl":{"start":{"line":81,"column":23},"end":{"line":81,"column":28}},"loc":{"start":{"line":81,"column":28},"end":{"line":85,"column":9}},"line":81},"16":{"name":"(anonymous_16)","decl":{"start":{"line":88,"column":36},"end":{"line":88,"column":37}},"loc":{"start":{"line":88,"column":74},"end":{"line":97,"column":null}},"line":88},"17":{"name":"(anonymous_17)","decl":{"start":{"line":90,"column":23},"end":{"line":90,"column":28}},"loc":{"start":{"line":90,"column":28},"end":{"line":96,"column":9}},"line":90},"18":{"name":"(anonymous_18)","decl":{"start":{"line":99,"column":37},"end":{"line":99,"column":38}},"loc":{"start":{"line":99,"column":73},"end":{"line":103,"column":null}},"line":99},"19":{"name":"(anonymous_19)","decl":{"start":{"line":100,"column":23},"end":{"line":100,"column":28}},"loc":{"start":{"line":100,"column":28},"end":{"line":102,"column":9}},"line":100},"20":{"name":"(anonymous_20)","decl":{"start":{"line":105,"column":32},"end":{"line":105,"column":33}},"loc":{"start":{"line":105,"column":50},"end":{"line":109,"column":null}},"line":105},"21":{"name":"(anonymous_21)","decl":{"start":{"line":106,"column":23},"end":{"line":106,"column":28}},"loc":{"start":{"line":106,"column":28},"end":{"line":108,"column":9}},"line":106},"22":{"name":"(anonymous_22)","decl":{"start":{"line":113,"column":48},"end":{"line":113,"column":49}},"loc":{"start":{"line":113,"column":58},"end":{"line":117,"column":9}},"line":113},"23":{"name":"(anonymous_23)","decl":{"start":{"line":127,"column":37},"end":{"line":127,"column":43}},"loc":{"start":{"line":127,"column":43},"end":{"line":127,"column":null}},"line":127},"24":{"name":"(anonymous_24)","decl":{"start":{"line":148,"column":42},"end":{"line":148,"column":47}},"loc":{"start":{"line":148,"column":47},"end":{"line":148,"column":null}},"line":148},"25":{"name":"(anonymous_25)","decl":{"start":{"line":157,"column":42},"end":{"line":157,"column":47}},"loc":{"start":{"line":157,"column":47},"end":{"line":157,"column":null}},"line":157},"26":{"name":"(anonymous_26)","decl":{"start":{"line":159,"column":72},"end":{"line":159,"column":73}},"loc":{"start":{"line":160,"column":36},"end":{"line":160,"column":null}},"line":160},"27":{"name":"(anonymous_27)","decl":{"start":{"line":174,"column":38},"end":{"line":174,"column":39}},"loc":{"start":{"line":175,"column":20},"end":{"line":198,"column":null}},"line":175},"28":{"name":"(anonymous_28)","decl":{"start":{"line":180,"column":38},"end":{"line":180,"column":43}},"loc":{"start":{"line":180,"column":43},"end":{"line":183,"column":null}},"line":180},"29":{"name":"(anonymous_29)","decl":{"start":{"line":191,"column":38},"end":{"line":191,"column":43}},"loc":{"start":{"line":191,"column":43},"end":{"line":191,"column":null}},"line":191},"30":{"name":"(anonymous_30)","decl":{"start":{"line":195,"column":41},"end":{"line":195,"column":47}},"loc":{"start":{"line":195,"column":47},"end":{"line":195,"column":71}},"line":195},"31":{"name":"(anonymous_31)","decl":{"start":{"line":210,"column":82},"end":{"line":210,"column":83}},"loc":{"start":{"line":211,"column":20},"end":{"line":231,"column":null}},"line":211},"32":{"name":"(anonymous_32)","decl":{"start":{"line":216,"column":38},"end":{"line":216,"column":43}},"loc":{"start":{"line":216,"column":43},"end":{"line":216,"column":null}},"line":216},"33":{"name":"(anonymous_33)","decl":{"start":{"line":224,"column":38},"end":{"line":224,"column":43}},"loc":{"start":{"line":224,"column":43},"end":{"line":224,"column":null}},"line":224},"34":{"name":"(anonymous_34)","decl":{"start":{"line":228,"column":41},"end":{"line":228,"column":47}},"loc":{"start":{"line":228,"column":47},"end":{"line":228,"column":74}},"line":228}},"branchMap":{"0":{"loc":{"start":{"line":24,"column":8},"end":{"line":27,"column":null}},"type":"if","locations":[{"start":{"line":24,"column":8},"end":{"line":27,"column":null}},{"start":{},"end":{}}],"line":24},"1":{"loc":{"start":{"line":38,"column":8},"end":{"line":38,"column":null}},"type":"if","locations":[{"start":{"line":38,"column":8},"end":{"line":38,"column":null}},{"start":{},"end":{}}],"line":38},"2":{"loc":{"start":{"line":38,"column":12},"end":{"line":38,"column":64}},"type":"binary-expr","locations":[{"start":{"line":38,"column":12},"end":{"line":38,"column":47}},{"start":{"line":38,"column":47},"end":{"line":38,"column":64}}],"line":38},"3":{"loc":{"start":{"line":42,"column":27},"end":{"line":42,"column":null}},"type":"cond-expr","locations":[{"start":{"line":42,"column":59},"end":{"line":42,"column":67}},{"start":{"line":42,"column":67},"end":{"line":42,"column":null}}],"line":42},"4":{"loc":{"start":{"line":49,"column":12},"end":{"line":49,"column":null}},"type":"if","locations":[{"start":{"line":49,"column":12},"end":{"line":49,"column":null}},{"start":{},"end":{}}],"line":49},"5":{"loc":{"start":{"line":50,"column":70},"end":{"line":50,"column":108}},"type":"binary-expr","locations":[{"start":{"line":50,"column":70},"end":{"line":50,"column":107}},{"start":{"line":50,"column":107},"end":{"line":50,"column":108}}],"line":50},"6":{"loc":{"start":{"line":51,"column":30},"end":{"line":51,"column":null}},"type":"cond-expr","locations":[{"start":{"line":51,"column":58},"end":{"line":51,"column":92}},{"start":{"line":51,"column":92},"end":{"line":51,"column":null}}],"line":51},"7":{"loc":{"start":{"line":57,"column":8},"end":{"line":57,"column":null}},"type":"if","locations":[{"start":{"line":57,"column":8},"end":{"line":57,"column":null}},{"start":{},"end":{}}],"line":57},"8":{"loc":{"start":{"line":59,"column":12},"end":{"line":63,"column":null}},"type":"if","locations":[{"start":{"line":59,"column":12},"end":{"line":63,"column":null}},{"start":{},"end":{}}],"line":59},"9":{"loc":{"start":{"line":69,"column":12},"end":{"line":69,"column":null}},"type":"if","locations":[{"start":{"line":69,"column":12},"end":{"line":69,"column":null}},{"start":{},"end":{}}],"line":69},"10":{"loc":{"start":{"line":75,"column":12},"end":{"line":75,"column":null}},"type":"if","locations":[{"start":{"line":75,"column":12},"end":{"line":75,"column":null}},{"start":{},"end":{}}],"line":75},"11":{"loc":{"start":{"line":82,"column":12},"end":{"line":82,"column":null}},"type":"if","locations":[{"start":{"line":82,"column":12},"end":{"line":82,"column":null}},{"start":{},"end":{}}],"line":82},"12":{"loc":{"start":{"line":89,"column":8},"end":{"line":89,"column":null}},"type":"if","locations":[{"start":{"line":89,"column":8},"end":{"line":89,"column":null}},{"start":{},"end":{}}],"line":89},"13":{"loc":{"start":{"line":91,"column":12},"end":{"line":95,"column":null}},"type":"if","locations":[{"start":{"line":91,"column":12},"end":{"line":95,"column":null}},{"start":{},"end":{}}],"line":91},"14":{"loc":{"start":{"line":101,"column":12},"end":{"line":101,"column":null}},"type":"if","locations":[{"start":{"line":101,"column":12},"end":{"line":101,"column":null}},{"start":{},"end":{}}],"line":101},"15":{"loc":{"start":{"line":107,"column":12},"end":{"line":107,"column":null}},"type":"if","locations":[{"start":{"line":107,"column":12},"end":{"line":107,"column":null}},{"start":{},"end":{}}],"line":107},"16":{"loc":{"start":{"line":112,"column":29},"end":{"line":118,"column":null}},"type":"cond-expr","locations":[{"start":{"line":113,"column":10},"end":{"line":117,"column":null}},{"start":{"line":118,"column":10},"end":{"line":118,"column":null}}],"line":112},"17":{"loc":{"start":{"line":114,"column":27},"end":{"line":114,"column":null}},"type":"binary-expr","locations":[{"start":{"line":114,"column":27},"end":{"line":114,"column":67}},{"start":{"line":114,"column":67},"end":{"line":114,"column":null}}],"line":114},"18":{"loc":{"start":{"line":115,"column":27},"end":{"line":115,"column":null}},"type":"binary-expr","locations":[{"start":{"line":115,"column":27},"end":{"line":115,"column":67}},{"start":{"line":115,"column":67},"end":{"line":115,"column":null}}],"line":115},"19":{"loc":{"start":{"line":129,"column":39},"end":{"line":129,"column":null}},"type":"cond-expr","locations":[{"start":{"line":129,"column":58},"end":{"line":129,"column":77}},{"start":{"line":129,"column":77},"end":{"line":129,"column":null}}],"line":129},"20":{"loc":{"start":{"line":139,"column":17},"end":{"line":171,"column":null}},"type":"binary-expr","locations":[{"start":{"line":139,"column":17},"end":{"line":139,"column":null}},{"start":{"line":140,"column":20},"end":{"line":171,"column":null}}],"line":139},"21":{"loc":{"start":{"line":148,"column":62},"end":{"line":148,"column":115}},"type":"cond-expr","locations":[{"start":{"line":148,"column":86},"end":{"line":148,"column":91}},{"start":{"line":148,"column":91},"end":{"line":148,"column":115}}],"line":148},"22":{"loc":{"start":{"line":166,"column":38},"end":{"line":166,"column":null}},"type":"binary-expr","locations":[{"start":{"line":166,"column":38},"end":{"line":166,"column":73}},{"start":{"line":166,"column":73},"end":{"line":166,"column":null}}],"line":166},"23":{"loc":{"start":{"line":191,"column":71},"end":{"line":191,"column":100}},"type":"binary-expr","locations":[{"start":{"line":191,"column":71},"end":{"line":191,"column":99}},{"start":{"line":191,"column":99},"end":{"line":191,"column":100}}],"line":191},"24":{"loc":{"start":{"line":200,"column":17},"end":{"line":200,"column":null}},"type":"binary-expr","locations":[{"start":{"line":200,"column":17},"end":{"line":200,"column":50}},{"start":{"line":200,"column":50},"end":{"line":200,"column":null}}],"line":200},"25":{"loc":{"start":{"line":210,"column":17},"end":{"line":232,"column":null}},"type":"binary-expr","locations":[{"start":{"line":210,"column":17},"end":{"line":210,"column":41}},{"start":{"line":210,"column":41},"end":{"line":232,"column":null}}],"line":210},"26":{"loc":{"start":{"line":224,"column":74},"end":{"line":224,"column":103}},"type":"binary-expr","locations":[{"start":{"line":224,"column":74},"end":{"line":224,"column":102}},{"start":{"line":224,"column":102},"end":{"line":224,"column":103}}],"line":224},"27":{"loc":{"start":{"line":232,"column":17},"end":{"line":233,"column":null}},"type":"binary-expr","locations":[{"start":{"line":233,"column":18},"end":{"line":233,"column":43}},{"start":{"line":233,"column":43},"end":{"line":233,"column":94}},{"start":{"line":233,"column":94},"end":{"line":233,"column":null}}],"line":232}},"s":{"0":1,"1":0,"2":0,"3":0,"4":0,"5":0,"6":0,"7":0,"8":0,"9":0,"10":0,"11":0,"12":0,"13":0,"14":0,"15":0,"16":0,"17":0,"18":0,"19":0,"20":0,"21":0,"22":0,"23":0,"24":0,"25":0,"26":0,"27":0,"28":0,"29":0,"30":0,"31":0,"32":0,"33":0,"34":0,"35":0,"36":0,"37":0,"38":0,"39":0,"40":0,"41":0,"42":0,"43":0,"44":0,"45":0,"46":0,"47":0,"48":0,"49":0,"50":0,"51":0,"52":0,"53":0,"54":0,"55":0,"56":0,"57":0,"58":0,"59":0,"60":0,"61":0,"62":0,"63":0,"64":0,"65":0,"66":0,"67":0,"68":0,"69":0,"70":0,"71":0,"72":0,"73":0,"74":0,"75":0,"76":0,"77":0,"78":0,"79":0,"80":0,"81":0},"f":{"0":0,"1":0,"2":0,"3":0,"4":0,"5":0,"6":0,"7":0,"8":0,"9":0,"10":0,"11":0,"12":0,"13":0,"14":0,"15":0,"16":0,"17":0,"18":0,"19":0,"20":0,"21":0,"22":0,"23":0,"24":0,"25":0,"26":0,"27":0,"28":0,"29":0,"30":0,"31":0,"32":0,"33":0,"34":0},"b":{"0":[0,0],"1":[0,0],"2":[0,0],"3":[0,0],"4":[0,0],"5":[0,0],"6":[0,0],"7":[0,0],"8":[0,0],"9":[0,0],"10":[0,0],"11":[0,0],"12":[0,0],"13":[0,0],"14":[0,0],"15":[0,0],"16":[0,0],"17":[0,0],"18":[0,0],"19":[0,0],"20":[0,0],"21":[0,0],"22":[0,0],"23":[0,0],"24":[0,0],"25":[0,0],"26":[0,0],"27":[0,0,0]},"meta":{"lastBranch":28,"lastFunction":35,"lastStatement":82,"seen":{"s:15:34:237:Infinity":0,"f:15:34:15:35":0,"s:17:38:17:Infinity":1,"s:18:36:18:Infinity":2,"s:19:48:19:Infinity":3,"s:22:4:28:Infinity":4,"f:22:14:22:20":1,"s:23:14:23:Infinity":5,"b:24:8:27:Infinity:undefined:undefined:undefined:undefined":0,"s:24:8:27:Infinity":6,"s:25:12:25:Infinity":7,"s:26:12:26:Infinity":8,"f:30:13:30:28":2,"s:31:14:31:Infinity":9,"s:32:8:32:Infinity":10,"s:33:8:33:Infinity":11,"s:37:29:44:Infinity":12,"f:37:29:37:35":3,"b:38:8:38:Infinity:undefined:undefined:undefined:undefined":1,"s:38:8:38:Infinity":13,"b:38:12:38:47:38:47:38:64":2,"s:38:64:38:Infinity":14,"s:40:14:40:Infinity":15,"s:41:8:43:Infinity":16,"f:41:23:41:28":4,"s:42:12:42:Infinity":17,"b:42:59:42:67:42:67:42:Infinity":3,"s:47:25:54:Infinity":18,"f:47:25:47:31":5,"s:48:8:53:Infinity":19,"f:48:23:48:28":6,"b:49:12:49:Infinity:undefined:undefined:undefined:undefined":4,"s:49:12:49:Infinity":20,"s:49:31:49:Infinity":21,"s:50:35:50:Infinity":22,"f:50:65:50:70":7,"s:50:70:50:108":23,"b:50:70:50:107:50:107:50:108":5,"s:51:30:51:Infinity":24,"b:51:58:51:92:51:92:51:Infinity":6,"s:52:12:52:Infinity":25,"s:56:33:65:Infinity":26,"f:56:33:56:34":8,"b:57:8:57:Infinity:undefined:undefined:undefined:undefined":7,"s:57:8:57:Infinity":27,"s:57:35:57:Infinity":28,"s:58:8:64:Infinity":29,"f:58:23:58:28":9,"b:59:12:63:Infinity:undefined:undefined:undefined:undefined":8,"s:59:12:63:Infinity":30,"s:60:30:60:Infinity":31,"s:61:16:61:Infinity":32,"s:62:16:62:Infinity":33,"s:67:33:71:Infinity":34,"f:67:33:67:34":10,"s:68:8:70:Infinity":35,"f:68:23:68:28":11,"b:69:12:69:Infinity:undefined:undefined:undefined:undefined":9,"s:69:12:69:Infinity":36,"s:69:30:69:Infinity":37,"s:73:28:77:Infinity":38,"f:73:28:73:29":12,"s:74:8:76:Infinity":39,"f:74:23:74:28":13,"b:75:12:75:Infinity:undefined:undefined:undefined:undefined":10,"s:75:12:75:Infinity":40,"s:75:30:75:Infinity":41,"s:80:29:86:Infinity":42,"f:80:29:80:35":14,"s:81:8:85:Infinity":43,"f:81:23:81:28":15,"b:82:12:82:Infinity:undefined:undefined:undefined:undefined":11,"s:82:12:82:Infinity":44,"s:82:35:82:Infinity":45,"s:83:34:83:Infinity":46,"s:84:12:84:Infinity":47,"s:88:36:97:Infinity":48,"f:88:36:88:37":16,"b:89:8:89:Infinity:undefined:undefined:undefined:undefined":12,"s:89:8:89:Infinity":49,"s:89:33:89:Infinity":50,"s:90:8:96:Infinity":51,"f:90:23:90:28":17,"b:91:12:95:Infinity:undefined:undefined:undefined:undefined":13,"s:91:12:95:Infinity":52,"s:92:30:92:Infinity":53,"s:93:16:93:Infinity":54,"s:94:16:94:Infinity":55,"s:99:37:103:Infinity":56,"f:99:37:99:38":18,"s:100:8:102:Infinity":57,"f:100:23:100:28":19,"b:101:12:101:Infinity:undefined:undefined:undefined:undefined":14,"s:101:12:101:Infinity":58,"s:101:34:101:Infinity":59,"s:105:32:109:Infinity":60,"f:105:32:105:33":20,"s:106:8:108:Infinity":61,"f:106:23:106:28":21,"b:107:12:107:Infinity:undefined:undefined:undefined:undefined":15,"s:107:12:107:Infinity":62,"s:107:34:107:Infinity":63,"s:112:29:118:Infinity":64,"b:113:10:117:Infinity:118:10:118:Infinity":16,"f:113:48:113:49":22,"s:114:27:114:Infinity":65,"b:114:27:114:67:114:67:114:Infinity":17,"s:115:27:115:Infinity":66,"b:115:27:115:67:115:67:115:Infinity":18,"s:116:12:116:Infinity":67,"s:120:4:235:Infinity":68,"f:127:37:127:43":23,"s:127:43:127:Infinity":69,"b:129:58:129:77:129:77:129:Infinity":19,"b:139:17:139:Infinity:140:20:171:Infinity":20,"f:148:42:148:47":24,"s:148:47:148:Infinity":70,"b:148:86:148:91:148:91:148:115":21,"f:157:42:157:47":25,"s:157:47:157:Infinity":71,"f:159:72:159:73":26,"s:160:36:160:Infinity":72,"b:166:38:166:73:166:73:166:Infinity":22,"f:174:38:174:39":27,"s:175:20:198:Infinity":73,"f:180:38:180:43":28,"s:181:49:181:Infinity":74,"s:182:32:182:Infinity":75,"f:191:38:191:43":29,"s:191:43:191:Infinity":76,"b:191:71:191:99:191:99:191:100":23,"f:195:41:195:47":30,"s:195:47:195:71":77,"b:200:17:200:50:200:50:200:Infinity":24,"b:210:17:210:41:210:41:232:Infinity":25,"f:210:82:210:83":31,"s:211:20:231:Infinity":78,"f:216:38:216:43":32,"s:216:43:216:Infinity":79,"f:224:38:224:43":33,"s:224:43:224:Infinity":80,"b:224:74:224:102:224:102:224:103":26,"f:228:41:228:47":34,"s:228:47:228:74":81,"b:233:18:233:43:233:43:233:94:233:94:233:Infinity":27}}}
,"/Users/max/Rust/Battlesim2/src/components/creatureForm/SaveBonusModal.tsx": {"path":"/Users/max/Rust/Battlesim2/src/components/creatureForm/SaveBonusModal.tsx","statementMap":{"0":{"start":{"line":16,"column":14},"end":{"line":23,"column":null}},"1":{"start":{"line":27,"column":34},"end":{"line":150,"column":null}},"2":{"start":{"line":28,"column":36},"end":{"line":28,"column":null}},"3":{"start":{"line":30,"column":25},"end":{"line":33,"column":null}},"4":{"start":{"line":31,"column":25},"end":{"line":31,"column":null}},"5":{"start":{"line":32,"column":8},"end":{"line":32,"column":null}},"6":{"start":{"line":35,"column":23},"end":{"line":44,"column":null}},"7":{"start":{"line":36,"column":14},"end":{"line":36,"column":null}},"8":{"start":{"line":37,"column":8},"end":{"line":42,"column":null}},"9":{"start":{"line":39,"column":12},"end":{"line":39,"column":null}},"10":{"start":{"line":41,"column":13},"end":{"line":41,"column":null}},"11":{"start":{"line":43,"column":8},"end":{"line":43,"column":null}},"12":{"start":{"line":46,"column":23},"end":{"line":49,"column":null}},"13":{"start":{"line":47,"column":8},"end":{"line":47,"column":null}},"14":{"start":{"line":48,"column":8},"end":{"line":48,"column":null}},"15":{"start":{"line":51,"column":27},"end":{"line":51,"column":null}},"16":{"start":{"line":51,"column":43},"end":{"line":51,"column":74}},"17":{"start":{"line":53,"column":4},"end":{"line":148,"column":null}},"18":{"start":{"line":55,"column":56},"end":{"line":55,"column":null}},"19":{"start":{"line":70,"column":38},"end":{"line":70,"column":null}},"20":{"start":{"line":71,"column":32},"end":{"line":71,"column":null}},"21":{"start":{"line":72,"column":32},"end":{"line":72,"column":null}},"22":{"start":{"line":87,"column":50},"end":{"line":87,"column":null}},"23":{"start":{"line":88,"column":49},"end":{"line":88,"column":null}},"24":{"start":{"line":90,"column":28},"end":{"line":118,"column":null}},"25":{"start":{"line":100,"column":56},"end":{"line":100,"column":null}},"26":{"start":{"line":101,"column":44},"end":{"line":101,"column":null}},"27":{"start":{"line":110,"column":58},"end":{"line":110,"column":null}},"28":{"start":{"line":111,"column":52},"end":{"line":111,"column":null}},"29":{"start":{"line":112,"column":52},"end":{"line":112,"column":null}},"30":{"start":{"line":130,"column":42},"end":{"line":130,"column":null}},"31":{"start":{"line":131,"column":36},"end":{"line":131,"column":null}},"32":{"start":{"line":132,"column":36},"end":{"line":132,"column":null}}},"fnMap":{"0":{"name":"(anonymous_0)","decl":{"start":{"line":27,"column":34},"end":{"line":27,"column":35}},"loc":{"start":{"line":27,"column":68},"end":{"line":150,"column":null}},"line":27},"1":{"name":"(anonymous_1)","decl":{"start":{"line":30,"column":25},"end":{"line":30,"column":26}},"loc":{"start":{"line":30,"column":51},"end":{"line":33,"column":null}},"line":30},"2":{"name":"(anonymous_2)","decl":{"start":{"line":35,"column":23},"end":{"line":35,"column":24}},"loc":{"start":{"line":35,"column":71},"end":{"line":44,"column":null}},"line":35},"3":{"name":"(anonymous_3)","decl":{"start":{"line":46,"column":23},"end":{"line":46,"column":29}},"loc":{"start":{"line":46,"column":29},"end":{"line":49,"column":null}},"line":46},"4":{"name":"(anonymous_4)","decl":{"start":{"line":51,"column":38},"end":{"line":51,"column":43}},"loc":{"start":{"line":51,"column":43},"end":{"line":51,"column":74}},"line":51},"5":{"name":"(anonymous_5)","decl":{"start":{"line":55,"column":51},"end":{"line":55,"column":56}},"loc":{"start":{"line":55,"column":56},"end":{"line":55,"column":null}},"line":55},"6":{"name":"(anonymous_6)","decl":{"start":{"line":69,"column":38},"end":{"line":69,"column":43}},"loc":{"start":{"line":69,"column":43},"end":{"line":73,"column":null}},"line":69},"7":{"name":"(anonymous_7)","decl":{"start":{"line":86,"column":35},"end":{"line":86,"column":43}},"loc":{"start":{"line":86,"column":43},"end":{"line":120,"column":25}},"line":86},"8":{"name":"(anonymous_8)","decl":{"start":{"line":99,"column":50},"end":{"line":99,"column":55}},"loc":{"start":{"line":99,"column":55},"end":{"line":102,"column":null}},"line":99},"9":{"name":"(anonymous_9)","decl":{"start":{"line":109,"column":58},"end":{"line":109,"column":64}},"loc":{"start":{"line":109,"column":64},"end":{"line":113,"column":null}},"line":109},"10":{"name":"(anonymous_10)","decl":{"start":{"line":129,"column":42},"end":{"line":129,"column":48}},"loc":{"start":{"line":129,"column":48},"end":{"line":133,"column":null}},"line":129}},"branchMap":{"0":{"loc":{"start":{"line":32,"column":15},"end":{"line":32,"column":null}},"type":"binary-expr","locations":[{"start":{"line":32,"column":15},"end":{"line":32,"column":27}},{"start":{"line":32,"column":27},"end":{"line":32,"column":null}}],"line":32},"1":{"loc":{"start":{"line":37,"column":8},"end":{"line":42,"column":null}},"type":"if","locations":[{"start":{"line":37,"column":8},"end":{"line":42,"column":null}},{"start":{"line":40,"column":15},"end":{"line":42,"column":null}}],"line":37},"2":{"loc":{"start":{"line":37,"column":12},"end":{"line":37,"column":70}},"type":"binary-expr","locations":[{"start":{"line":37,"column":12},"end":{"line":37,"column":38}},{"start":{"line":37,"column":38},"end":{"line":37,"column":70}}],"line":37},"3":{"loc":{"start":{"line":71,"column":52},"end":{"line":71,"column":null}},"type":"binary-expr","locations":[{"start":{"line":71,"column":52},"end":{"line":71,"column":80}},{"start":{"line":71,"column":80},"end":{"line":71,"column":null}}],"line":71},"4":{"loc":{"start":{"line":97,"column":47},"end":{"line":97,"column":null}},"type":"binary-expr","locations":[{"start":{"line":97,"column":47},"end":{"line":97,"column":64}},{"start":{"line":97,"column":64},"end":{"line":97,"column":null}}],"line":97},"5":{"loc":{"start":{"line":100,"column":56},"end":{"line":100,"column":null}},"type":"cond-expr","locations":[{"start":{"line":100,"column":80},"end":{"line":100,"column":92}},{"start":{"line":100,"column":92},"end":{"line":100,"column":null}}],"line":100},"6":{"loc":{"start":{"line":103,"column":74},"end":{"line":103,"column":111}},"type":"cond-expr","locations":[{"start":{"line":103,"column":89},"end":{"line":103,"column":109}},{"start":{"line":103,"column":109},"end":{"line":103,"column":111}}],"line":103},"7":{"loc":{"start":{"line":105,"column":37},
[...]
,"line":38},"11":{"loc":{"start":{"line":38,"column":16},"end":{"line":38,"column":52}},"type":"binary-expr","locations":[{"start":{"line":38,"column":16},"end":{"line":38,"column":24}},{"start":{"line":38,"column":24},"end":{"line":38,"column":52}}],"line":38},"12":{"loc":{"start":{"line":40,"column":12},"end":{"line":53,"column":null}},"type":"if","locations":[{"start":{"line":40,"column":12},"end":{"line":53,"column":null}},{"start":{},"end":{}}],"line":40},"13":{"loc":{"start":{"line":40,"column":16},"end":{"line":40,"column":93}},"type":"binary-expr","locations":[{"start":{"line":40,"column":16},"end":{"line":40,"column":31}},{"start":{"line":40,"column":31},"end":{"line":40,"column":57}},{"start":{"line":40,"column":57},"end":{"line":40,"column":93}}],"line":40},"14":{"loc":{"start":{"line":41,"column":51},"end":{"line":41,"column":74}},"type":"binary-expr","locations":[{"start":{"line":41,"column":51},"end":{"line":41,"column":63}},{"start":{"line":41,"column":63},"end":{"line":41,"column":74}}],"line":41},"15":{"loc":{"start":{"line":42,"column":16},"end":{"line":52,"column":null}},"type":"if","locations":[{"start":{"line":42,"column":16},"end":{"line":52,"column":null}},{"start":{},"end":{}}],"line":42},"16":{"loc":{"start":{"line":42,"column":20},"end":{"line":42,"column":68}},"type":"binary-expr","locations":[{"start":{"line":42,"column":20},"end":{"line":42,"column":46}},{"start":{"line":42,"column":46},"end":{"line":42,"column":68}}],"line":42},"17":{"loc":{"start":{"line":45,"column":20},"end":{"line":50,"column":null}},"type":"if","locations":[{"start":{"line":45,"column":20},"end":{"line":50,"column":null}},{"start":{},"end":{}}],"line":45},"18":{"loc":{"start":{"line":45,"column":24},"end":{"line":45,"column":53}},"type":"binary-expr","locations":[{"start":{"line":45,"column":24},"end":{"line":45,"column":43}},{"start":{"line":45,"column":43},"end":{"line":45,"column":53}}],"line":45},"19":{"loc":{"start":{"line":47,"column":24},"end":{"line":49,"column":null}},"type":"if","locations":[{"start":{"line":47,"column":24},"end":{"line":49,"column":null}},{"start":{},"end":{}}],"line":47},"20":{"loc":{"start":{"line":47,"column":28},"end":{"line":47,"column":103}},"type":"binary-expr","locations":[{"start":{"line":47,"column":28},"end":{"line":47,"column":44}},{"start":{"line":47,"column":44},"end":{"line":47,"column":75}},{"start":{"line":47,"column":75},"end":{"line":47,"column":103}}],"line":47},"21":{"loc":{"start":{"line":59,"column":32},"end":{"line":59,"column":53}},"type":"binary-expr","locations":[{"start":{"line":59,"column":32},"end":{"line":59,"column":47}},{"start":{"line":59,"column":47},"end":{"line":59,"column":53}}],"line":59},"22":{"loc":{"start":{"line":60,"column":32},"end":{"line":60,"column":53}},"type":"binary-expr","locations":[{"start":{"line":60,"column":32},"end":{"line":60,"column":47}},{"start":{"line":60,"column":47},"end":{"line":60,"column":53}}],"line":60},"23":{"loc":{"start":{"line":61,"column":32},"end":{"line":61,"column":53}},"type":"binary-expr","locations":[{"start":{"line":61,"column":32},"end":{"line":61,"column":47}},{"start":{"line":61,"column":47},"end":{"line":61,"column":53}}],"line":61},"24":{"loc":{"start":{"line":62,"column":32},"end":{"line":62,"column":53}},"type":"binary-expr","locations":[{"start":{"line":62,"column":32},"end":{"line":62,"column":47}},{"start":{"line":62,"column":47},"end":{"line":62,"column":53}}],"line":62},"25":{"loc":{"start":{"line":63,"column":32},"end":{"line":63,"column":53}},"type":"binary-expr","locations":[{"start":{"line":63,"column":32},"end":{"line":63,"column":47}},{"start":{"line":63,"column":47},"end":{"line":63,"column":53}}],"line":63},"26":{"loc":{"start":{"line":64,"column":32},"end":{"line":64,"column":53}},"type":"binary-expr","locations":[{"start":{"line":64,"column":32},"end":{"line":64,"column":47}},{"start":{"line":64,"column":47},"end":{"line":64,"column":53}}],"line":64},"27":{"loc":{"start":{"line":70,"column":4},"end":{"line":74,"column":null}},"type":"if","locations":[{"start":{"line":70,"column":4},"end":{"line":74,"column":null}},{"start":{"line":72,"column":4},"end":{"line":74,"column":null}}],"line":70},"28":{"loc":{"start":{"line":72,"column":4},"end":{"line":74,"column":null}},"type":"if","locations":[{"start":{"line":72,"column":4},"end":{"line":74,"column":null}},{"start":{},"end":{}}],"line":72},"29":{"loc":{"start":{"line":72,"column":15},"end":{"line":72,"column":86}},"type":"binary-expr","locations":[{"start":{"line":72,"column":15},"end":{"line":72,"column":51}},{"start":{"line":72,"column":51},"end":{"line":72,"column":67}},{"start":{"line":72,"column":67},"end":{"line":72,"column":86}}],"line":72},"30":{"loc":{"start":{"line":79,"column":14},"end":{"line":79,"column":null}},"type":"binary-expr","locations":[{"start":{"line":79,"column":14},"end":{"line":79,"column":30}},{"start":{"line":79,"column":30},"end":{"line":79,"column":null}}],"line":79},"31":{"loc":{"start":{"line":80,"column":13},"end":{"line":80,"column":null}},"type":"binary-expr","locations":[{"start":{"line":80,"column":13},"end":{"line":80,"column":31}},{"start":{"line":80,"column":31},"end":{"line":80,"column":null}}],"line":80}},"s":{"0":7,"1":7,"2":7,"3":7,"4":7,"5":0,"6":0,"7":7,"8":7,"9":7,"10":7,"11":7,"12":7,"13":2,"14":4,"15":1,"16":2,"17":4,"18":1,"19":3,"20":3,"21":3,"22":3,"23":2,"24":2,"25":2,"26":3,"27":7,"28":7,"29":7,"30":7,"31":7,"32":7,"33":7,"34":7,"35":7,"36":0,"37":7,"38":1,"39":7},"f":{"0":7},"b":{"0":[7,0],"1":[7,7],"2":[7,0],"3":[0,0],"4":[0,0,0],"5":[7,0],"6":[7,7],"7":[2,5],"8":[1,3],"9":[4,4,1,1],"10":[1,3],"11":[4,4],"12":[3,0],"13":[3,3,3],"14":[3,0],"15":[3,0],"16":[3,0],"17":[2,1],"18":[3,2],"19":[2,0],"20":[2,0,0],"21":[7,2],"22":[7,2],"23":[7,2],"24":[7,2],"25":[7,2],"26":[7,2],"27":[0,7],"28":[1,6],"29":[7,1,1],"30":[7,0],"31":[7,6]},"meta":{"lastBranch":32,"lastFunction":1,"lastStatement":40,"seen":{"f:6:16:6:39":0,"s:8:13:8:Infinity":0,"b:9:4:16:Infinity:undefined:undefined:undefined:undefined":0,"s:9:4:16:Infinity":1,"b:9:8:9:22:9:22:9:45":1,"s:10:24:10:Infinity":2,"b:11:8:15:Infinity:13:8:15:Infinity":2,"s:11:8:15:Infinity":3,"s:12:12:12:Infinity":4,"b:13:8:15:Infinity:undefined:undefined:undefined:undefined":3,"s:13:8:15:Infinity":5,"b:13:19:13:50:13:50:13:61:13:61:13:73":4,"s:14:12:14:Infinity":6,"s:19:13:19:Infinity":7,"b:20:4:22:Infinity:undefined:undefined:undefined:undefined":5,"s:20:4:22:Infinity":8,"b:20:8:20:22:20:22:20:42":6,"s:21:8:21:Infinity":9,"s:25:30:25:Infinity":10,"s:26:69:26:Infinity":11,"b:28:4:55:Infinity:undefined:undefined:undefined:undefined":7,"s:28:4:55:Infinity":12,"s:30:8:34:Infinity":13,"b:31:12:33:Infinity:undefined:undefined:undefined:undefined":8,"s:31:12:33:Infinity":14,"b:31:16:31:23:31:23:31:53:31:53:31:68:31:68:31:92":9,"s:32:16:32:Infinity":15,"s:37:8:54:Infinity":16,"b:38:12:38:Infinity:undefined:undefined:undefined:undefined":10,"s:38:12:38:Infinity":17,"b:38:16:38:24:38:24:38:52":11,"s:38:52:38:Infinity":18,"b:40:12:53:Infinity:undefined:undefined:undefined:undefined":12,"s:40:12:53:Infinity":19,"b:40:16:40:31:40:31:40:57:40:57:40:93":13,"s:41:22:41:Infinity":20,"b:41:51:41:63:41:63:41:74":14,"b:42:16:52:Infinity:undefined:undefined:undefined:undefined":15,"s:42:16:52:Infinity":21,"b:42:20:42:46:42:46:42:68":16,"b:45:20:50:Infinity:undefined:undefined:undefined:undefined":17,"s:45:20:50:Infinity":22,"b:45:24:45:43:45:43:45:53":18,"s:46:44:46:Infinity":23,"b:47:24:49:Infinity:undefined:undefined:undefined:undefined":19,"s:47:24:49:Infinity":24,"b:47:28:47:44:47:44:47:75:47:75:47:103":20,"s:48:28:48:Infinity":25,"s:51:20:51:Infinity":26,"s:59:19:59:Infinity":27,"b:59:32:59:47:59:47:59:53":21,"s:60:19:60:Infinity":28,"b:60:32:60:47:60:47:60:53":22,"s:61:19:61:Infinity":29,"b:61:32:61:47:61:47:61:53":23,"s:62:19:62:Infinity":30,"b:62:32:62:47:62:47:62:53":24,"s:63:19:63:Infinity":31,"b:63:32:63:47:63:47:63:53":25,"s:64:19:64:Infinity":32,"b:64:32:64:47:64:47:64:53":26,"s:66:10:66:Infinity":33,"s:69:28:69:Infinity":34,"b:70:4:74:Infinity:72:4:74:Infinity":27,"s:70:4:74:Infinity":35,"s:71:8:71:Infinity":36,"b:72:4:74:Infinity:undefined:undefined:undefined:undefined":28,"s:72:4:74:Infinity":37,"b:72:15:72:51:72:51:72:67:72:67:72:86":29,"s:73:8:73:Infinity":38,"s:76:4:93:Infinity":39,"b:79:14:79:30:79:30:79:Infinity":30,"b:80:13:80:31:80:31:80:Infinity":31}}}
,"/Users/max/Rust/Battlesim2/src/model/import/5etools-schema.ts": {"path":"/Users/max/Rust/Battlesim2/src/model/import/5etools-schema.ts","statementMap":{"0":{"start":{"line":3,"column":31},"end":{"line":30,"column":null}},"1":{"start":{"line":32,"column":37},"end":{"line":32,"column":null}}},"fnMap":{},"branchMap":{},"s":{"0":4,"1":4},"f":{},"b":{},"meta":{"lastBranch":0,"lastFunction":0,"lastStatement":2,"seen":{"s:3:31:30:Infinity":0,"s:32:37:32:Infinity":1}}}
,"/Users/max/Rust/Battlesim2/src/model/import/utils.ts": {"path":"/Users/max/Rust/Battlesim2/src/model/import/utils.ts","statementMap":{"0":{"start":{"line":2,"column":18},"end":{"line":2,"column":null}},"1":{"start":{"line":5,"column":27},"end":{"line":5,"column":null}},"2":{"start":{"line":6,"column":27},"end":{"line":6,"column":null}},"3":{"start":{"line":7,"column":4},"end":{"line":9,"column":null}},"4":{"start":{"line":8,"column":8},"end":{"line":8,"column":null}},"5":{"start":{"line":12,"column":4},"end":{"line":12,"column":null}},"6":{"start":{"line":16,"column":23},"end":{"line":16,"column":null}},"7":{"start":{"line":17,"column":25},"end":{"line":17,"column":null}},"8":{"start":{"line":20,"column":20},"end":{"line":20,"column":null}},"9":{"start":{"line":21,"column":22},"end":{"line":21,"column":null}},"10":{"start":{"line":22,"column":20},"end":{"line":22,"column":null}},"11":{"start":{"line":23,"column":23},"end":{"line":23,"column":null}},"12":{"start":{"line":25,"column":4},"end":{"line":25,"column":null}},"13":{"start":{"line":25,"column":27},"end":{"line":25,"column":null}},"14":{"start":{"line":28,"column":16},"end":{"line":28,"column":null}},"15":{"start":{"line":29,"column":4},"end":{"line":36,"column":null}},"16":{"start":{"line":29,"column":17},"end":{"line":29,"column":29}},"17":{"start":{"line":30,"column":8},"end":{"line":31,"column":null}},"18":{"start":{"line":30,"column":34},"end":{"line":30,"column":null}},"19":{"start":{"line":30,"column":34},"end":{"line":31,"column":null}},"20":{"start":{"line":31,"column":37},"end":{"line":31,"column":null}},"21":{"start":{"line":33,"column":8},"end":{"line":35,"column":null}},"22":{"start":{"line":34,"column":12},"end":{"line":34,"column":null}},"23":{"start":{"line":39,"column":22},"end":{"line":39,"column":null}},"24":{"start":{"line":40,"column":4},"end":{"line":42,"column":null}},"25":{"start":{"line":41,"column":8},"end":{"line":41,"column":null}},"26":{"start":{"line":44,"column":4},"end":{"line":44,"column":null}}},"fnMap":{"0":{"name":"cleanJsonInput","decl":{"start":{"line":1,"column":16},"end":{"line":1,"column":31}},"loc":{"start":{"line":1,"column":54},"end":{"line":13,"column":null}},"line":1},"1":{"name":"extractJsonObject","decl":{"start":{"line":15,"column":9},"end":{"line":15,"column":27}},"loc":{"start":{"line":15,"column":48},"end":{"line":45,"column":null}},"line":15}},"branchMap":{"0":{"loc":{"start":{"line":7,"column":4},"end":{"line":9,"column":null}},"type":"if","locations":[{"start":{"line":7,"column":4},"end":{"line":9,"column":null}},{"start":{},"end":{}}],"line":7},"1":{"loc":{"start":{"line":20,"column":20},"end":{"line":20,"column":null}},"type":"binary-expr","locations":[{"start":{"line":20,"column":20},"end":{"line":20,"column":44}},{"start":{"line":20,"column":44},"end":{"line":20,"column":65}},{"start":{"line":20,"column":65},"end":{"line":20,"column":null}}],"line":20},"2":{"loc":{"start":{"line":21,"column":22},"end":{"line":21,"column":null}},"type":"cond-expr","locations":[{"start":{"line":21,"column":32},"end":{"line":21,"column":38}},{"start":{"line":21,"column":38},"end":{"line":21,"column":null}}],"line":21},"3":{"loc":{"start":{"line":22,"column":20},"end":{"line":22,"column":null}},"type":"cond-expr","locations":[{"start":{"line":22,"column":30},"end":{"line":22,"column":36}},{"start":{"line":22,"column":36},"end":{"line":22,"column":null}}],"line":22},"4":{"loc":{"start":{"line":23,"column":23},"end":{"line":23,"column":null}},"type":"cond-expr","locations":[{"start":{"line":23,"column":33},"end":{"line":23,"column":48}},{"start":{"line":23,"column":48},"end":{"line":23,"column":null}}],"line":23},"5":{"loc":{"start":{"line":25,"column":4},"end":{"line":25,"column":null}},"type":"if","locations":[{"start":{"line":25,"column":4},"end":{"line":25,"column":null}},{"start":{},"end":{}}],"line":25},"6":{"loc":{"start":{"line":30,"column":8},"end":{"line":31,"column":null}},"type":"if","locations":[{"start":{"line":30,"column":8},"end":{"line":31,"column":null}},{"start":{"line":30,"column":34},"end":{"line":31,"column":null}}],"line":30},"7":{"loc":{"start":{"line":30,"column":34},"end":{"line":31,"column":null}},"type":"if","locations":[{"start":{"line":30,"column":34},"end":{"line":31,"column":null}},{"start":{},"end":{}}],"line":30},"8":{"loc":{"start":{"line":33,"column":8},"end":{"line":35,"column":null}},"type":"if","locations":[{"start":{"line":33,"column":8},"end":{"line":35,"column":null}},{"start":{},"end":{}}],"line":33},"9":{"loc":{"start":{"line":40,"column":4},"end":{"line":42,"column":null}},"type":"if","locations":[{"start":{"line":40,"column":4},"end":{"line":42,"column":null}},{"start":{},"end":{}}],"line":40}},"s":{"0":10,"1":10,"2":10,"3":10,"4":2,"5":10,"6":10,"7":10,"8":10,"9":10,"10":10,"11":10,"12":10,"13":2,"14":8,"15":8,"16":8,"17":205,"18":10,"19":195,"20":10,"21":205,"22":8,"23":0,"24":0,"25":0,"26":0},"f":{"0":10,"1":10},"b":{"0":[2,8],"1":[10,2,2],"2":[0,10],"3":[0,10],"4":[0,10],"5":[2,8],"6":[10,195],"7":[10,185],"8":[8,197],"9":[0,0]},"meta":{"lastBranch":10,"lastFunction":2,"lastStatement":27,"seen":{"f:1:16:1:31":0,"s:2:18:2:Infinity":0,"s:5:27:5:Infinity":1,"s:6:27:6:Infinity":2,"b:7:4:9:Infinity:undefined:undefined:undefined:undefined":0,"s:7:4:9:Infinity":3,"s:8:8:8:Infinity":4,"s:12:4:12:Infinity":5,"f:15:9:15:27":1,"s:16:23:16:Infinity":6,"s:17:25:17:Infinity":7,"s:20:20:20:Infinity":8,"b:20:20:20:44:20:44:20:65:20:65:20:Infinity":1,"s:21:22:21:Infinity":9,"b:21:32:21:38:21:38:21:Infinity":2,"s:22:20:22:Infinity":10,"b:22:30:22:36:22:36:22:Infinity":3,"s:23:23:23:Infinity":11,"b:23:33:23:48:23:48:23:Infinity":4,"b:25:4:25:Infinity:undefined:undefined:undefined:undefined":5,"s:25:4:25:Infinity":12,"s:25:27:25:Infinity":13,"s:28:16:28:Infinity":14,"s:29:4:36:Infinity":15,"s:29:17:29:29":16,"b:30:8:31:Infinity:30:34:31:Infinity":6,"s:30:8:31:Infinity":17,"s:30:34:30:Infinity":18,"b:30:34:31:Infinity:undefined:undefined:undefined:undefined":7,"s:30:34:31:Infinity":19,"s:31:37:31:Infinity":20,"b:33:8:35:Infinity:undefined:undefined:undefined:undefined":8,"s:33:8:35:Infinity":21,"s:34:12:34:Infinity":22,"s:39:22:39:Infinity":23,"b:40:4:42:Infinity:undefined:undefined:undefined:undefined":9,"s:40:4:42:Infinity":24,"s:41:8:41:Infinity":25,"s:44:4:44:Infinity":26}}}
,"/Users/max/Rust/Battlesim2/src/worker/simulation.worker.ts": {"path":"/Users/max/Rust/Battlesim2/src/worker/simulation.worker.ts","statementMap":{"0":{"start":{"line":5,"column":22},"end":{"line":5,"column":null}},"1":{"start":{"line":8,"column":4},"end":{"line":11,"column":null}},"2":{"start":{"line":9,"column":8},"end":{"line":9,"column":null}},"3":{"start":{"line":10,"column":8},"end":{"line":10,"column":null}},"4":{"start":{"line":14,"column":29},"end":{"line":72,"column":null}},"5":{"start":{"line":15,"column":91},"end":{"line":15,"column":null}},"6":{"start":{"line":17,"column":4},"end":{"line":71,"column":null}},"7":{"start":{"line":18,"column":8},"end":{"line":54,"column":null}},"8":{"start":{"line":19,"column":12},"end":{"line":19,"column":null}},"9":{"start":{"line":21,"column":37},"end":{"line":30,"column":null}},"10":{"start":{"line":22,"column":16},"end":{"line":29,"column":null}},"11":{"start":{"line":32,"column":18},"end":{"line":37,"column":null}},"12":{"start":{"line":40,"column":58},"end":{"line":40,"column":null}},"13":{"start":{"line":42,"column":12},"end":{"line":47,"column":null}},"14":{"start":{"line":49,"column":12},"end":{"line":49,"column":null}},"15":{"start":{"line":50,"column":12},"end":{"line":53,"column":null}},"16":{"start":{"line":55,"column":4},"end":{"line":71,"column":null}},"17":{"start":{"line":56,"column":64},"end":{"line":56,"column":null}},"18":{"start":{"line":57,"column":8},"end":{"line":70,"column":null}},"19":{"start":{"line":58,"column":12},"end":{"line":58,"column":null}},"20":{"start":{"line":59,"column":18},"end":{"line":59,"column":null}},"21":{"start":{"line":60,"column":12},"end":{"line":63,"column":null}},"22":{"start":{"line":65,"column":12},"end":{"line":65,"column":null}},"23":{"start":{"line":66,"column":12},"end":{"line":69,"column":null}},"24":{"start":{"line":74,"column":0},"end":{"line":74,"column":null}}},"fnMap":{"0":{"name":"ensureWasmInitialized","decl":{"start":{"line":7,"column":15},"end":{"line":7,"column":39}},"loc":{"start":{"line":7,"column":39},"end":{"line":12,"column":null}},"line":7},"1":{"name":"(anonymous_1)","decl":{"start":{"line":14,"column":29},"end":{"line":14,"column":36}},"loc":{"start":{"line":14,"column":56},"end":{"line":72,"column":null}},"line":14},"2":{"name":"(anonymous_2)","decl":{"start":{"line":21,"column":37},"end":{"line":21,"column":38}},"loc":{"start":{"line":21,"column":112},"end":{"line":30,"column":null}},"line":21}},"branchMap":{"0":{"loc":{"start":{"line":8,"column":4},"end":{"line":11,"column":null}},"type":"if","locations":[{"start":{"line":8,"column":4},"end":{"line":11,"column":null}},{"start":{},"end":{}}],"line":8},"1":{"loc":{"start":{"line":17,"column":4},"end":{"line":71,"column":null}},"type":"if","locations":[{"start":{"line":17,"column":4},"end":{"line":71,"column":null}},{"start":{"line":55,"column":4},"end":{"line":71,"column":null}}],"line":17},"2":{"loc":{"start":{"line":52,"column":23},"end":{"line":52,"column":null}},"type":"cond-expr","locations":[{"start":{"line":52,"column":48},"end":{"line":52,"column":64}},{"start":{"line":52,"column":64},"end":{"line":52,"column":null}}],"line":52},"3":{"loc":{"start":{"line":55,"column":4},"end":{"line":71,"column":null}},"type":"if","locations":[{"start":{"line":55,"column":4},"end":{"line":71,"column":null}},{"start":{},"end":{}}],"line":55},"4":{"loc":{"start":{"line":68,"column":23},"end":{"line":68,"column":null}},"type":"cond-expr","locations":[{"start":{"line":68,"column":48},"end":{"line":68,"column":64}},{"start":{"line":68,"column":64},"end":{"line":68,"column":null}}],"line":68}},"s":{"0":1,"1":1,"2":1,"3":1,"4":1,"5":1,"6":1,"7":1,"8":1,"9":1,"10":0,"11":1,"12":1,"13":1,"14":0,"15":0,"16":0,"17":0,"18":0,"19":0,"20":0,"21":0,"22":0,"23":0,"24":1},"f":{"0":1,"1":1,"2":0},"b":{"0":[1,0],"1":[1,0],"2":[0,0],"3":[0,0],"4":[0,0]},"meta":{"lastBranch":5,"lastFunction":3,"lastStatement":25,"seen":{"s:5:22:5:Infinity":0,"f:7:15:7:39":0,"b:8:4:11:Infinity:undefined:undefined:undefined:undefined":0,"s:8:4:11:Infinity":1,"s:9:8:9:Infinity":2,"s:10:8:10:Infinity":3,"s:14:29:72:Infinity":4,"f:14:29:14:36":1,"s:15:91:15:Infinity":5,"b:17:4:71:Infinity:55:4:71:Infinity":1,"s:17:4:71:Infinity":6,"s:18:8:54:Infinity":7,"s:19:12:19:Infinity":8,"s:21:37:30:Infinity":9,"f:21:37:21:38":2,"s:22:16:29:Infinity":10,"s:32:18:37:Infinity":11,"s:40:58:40:Infinity":12,"s:42:12:47:Infinity":13,"s:49:12:49:Infinity":14,"s:50:12:53:Infinity":15,"b:52:48:52:64:52:64:52:Infinity":2,"b:55:4:71:Infinity:undefined:undefined:undefined:undefined":3,"s:55:4:71:Infinity":16,"s:56:64:56:Infinity":17,"s:57:8:70:Infinity":18,"s:58:12:58:Infinity":19,"s:59:18:59:Infinity":20,"s:60:12:63:Infinity":21,"s:65:12:65:Infinity":22,"s:66:12:69:Infinity":23,"b:68:48:68:64:68:64:68:Infinity":4,"s:74:0:74:Infinity":24}}}
}
